     5	     *	CBL XOPTS(COBOL2)
    20	      IDENTIFICATION DIVISION.
    21	      PROGRAM-ID. SM006.
    22
    23	      ENVIRONMENT DIVISION.
    24	      CONFIGURATION SECTION.
    25	      SOURCE-COMPUTER.	  IBM-PC.
    26	      OBJECT-COMPUTER.	  IBM-PC.
    27	      DATA DIVISION.
    28	      WORKING-STORAGE SECTION.
    74	      01  WS-TIME			  PIC 9(15) COMP-3.
    75	      01  WS-DATE				PIC 9(7).
    76	      01  WS-DATE-X REDEFINES WS-DATE		PIC X(7).
    77	      01  WS-LENGTH				PIC S9(4) COMP.
    78	      01  WS-INDEX				PIC 9 VALUE 1.
    79	      01  WS-TIX-ENTRY-STATE			PIC X.
    80	      01  WS-USERID.
    81		  05  USERID3				PIC X(7).
    82		  05  FILLER				PIC X.
    83	      01  WS-TIXID				PIC X(6).
    84	      01  WS-RESPONSE-CODE    PIC S9(8) COMP.
    85	      01  WS-LOGID.
    86		  05  LOGID2				PIC X(6).
    87		  05  FILLER				PIC X.
    88	      01  WS-USER-REC.
    89		  05  USERID.
    90		      10  USERID1			PIC X(7).
    91		      10  FILLER			PIC X.
    92		  05  REQUESTOR 			PIC X.
    93		  05  SERVICE-PROVIDER			PIC X.
    94		  05  APPROVER				PIC X.
    95		  05  ADMINISTRATOR			PIC X.
    96		  05  UPDATED-BY1.
    97		      10  UPDBY1			PIC X(7).
    98		      10  FILLER			PIC X.
    99	      01  WS-TIX-REC.
   100		  05  TIX-ID				PIC X(06).
   101		  05  TIX-REQUESTOR			PIC X(08).
   102		  05  TIX-STATUS			PIC X(10).
   103		  05  TIX-TITLE 			PIC X(25).
   104		  05  TIX-DESC				PIC X(100).
   105		  05  TIX-DESC-RED REDEFINES TIX-DESC.
   106		      10  TIX-DESC1			PIC X(50).
   107		      10  TIX-DESC2			PIC X(50).
   108		  05  LAST-UPDATE			PIC X(20).
   109		  05  LAST-UPDATE-RED REDEFINES LAST-UPDATE.
   110		      10  LAST-UPDATE-DATE		PIC X(11).
   111		      10  LAST-UPDATE-TIME		PIC X(09).
   112		  05  UPDATED-BY2.
   113		      10  UPDBY2			PIC X(7).
   114		      10  FILLER			PIC X.
   115		  05  LAST-UPDATE-REM			PIC X(50).
   116		  05  LAST-UPDATE-REMW REDEFINES LAST-UPDATE-REM.
   117		      10  LAST-UPDATE-REM1		PIC X(25).
   118		      10  LAST-UPDATE-REM2		PIC X(25).
   119	      01  WS-LOG.
   120		  05  LOG-TIX-ID.
   121		      10  LOG-TIX-ID1			PIC X(6).
   122		      10  LOG-SEQ-NUM			PIC 9(3).
   123		  05  LOG-LAST-UPDATE.   124		      10  LOG-LAST-UPDATE-DATE		PIC X(10).
   125		      10  LOG-LAST-UPDATE-TIME		PIC X(10).
   126		  05  LOG-UPDATED-BY.
   127		      10  LOG-UPDBY2			PIC X(7).
   128		      10  FILLER			PIC X.
   129		  05  LOG-LAST-UPDATE-REM		PIC X(50).
   130		  05  FILLER				PIC X(02).
   131	      01  WS-LOG-PH				PIC X(9).
   132	      01  WS-LOG-PH2 REDEFINES WS-LOG-PH.
   133		  05  WS-LOG-ID 			PIC 9(6).
   134		  05  WS-LOG-SEQ			PIC 9(3).
   135	      01  WS-END				PIC X(15) VALUE
   136            'END PROCESSING'.
   137	      01  WS-INVKEY				PIC X(21) VALUE
   138            'INVALID PFKEY PRESSED'.
   139	      01  WS-INVALID			  PIC X(14) VALUE
   140            'INVALID ACCESS'.
   141	      01  WS-INVALID-TICKET			  PIC X(28) VALUE
   142            'TICKET NUMBER DOES NOT EXIST'.
   143	      01  WS-INVALID-USER			  PIC X(24) VALUE
   144            'INVALID ACCESS TO TICKET'.
   145	      01  WS-COMMAREA.
   146		  05  WS-USERID1			 PIC X(7).
   147		  05  WS-TICKET-NUM.
   148		      10  WS-TICKET-NUM1		 PIC X(6).
   149		      10  FILLER			 PIC X.
   150		  05  WS-PROG-STATE			 PIC 9(1).
   151            05  WS-INIT                            PIC X VALUE 'Y'.
   152
   153	     *
   154		  COPY SM006S.
   156	     * SYMBOLIC MAP of sm006s Created by CACXBMS Version 6.0.27
   157	      01  SM006MI.
   158		  02  FILLER				     PIC X(12).
   159		  02  PF2L				     PIC S9(4) COMP.
   160		  02  PF2F				     PIC X.
   161		  02  FILLER REDEFINES PF2F.
   162		      03  PF2A				     PIC X.
   163		  02  PF2I				     PIC X(012).
   164		  02  PF5L				     PIC S9(4) COMP.
   165		  02  PF5F				     PIC X.
   166		  02  FILLER REDEFINES PF5F.
   167		      03  PF5A				     PIC X.
   168		  02  PF5I				     PIC X(011).
   169		  02  DATE1L				     PIC S9(4) COMP.
   170		  02  DATE1F				     PIC X.
   171		  02  FILLER REDEFINES DATE1F.
   172		      03  DATE1A			     PIC X.
   173		  02  DATE1I				     PIC X(010).
   174		  02  TIME1L				     PIC S9(4) COMP.
   175		  02  TIME1F				     PIC X.
   176		  02  FILLER REDEFINES TIME1F.
   177		      03  TIME1A			     PIC X.
   178		  02  TIME1I				     PIC X(008).
   179		  02  TIXNOL				     PIC S9(4) COMP.
   180		  02  TIXNOF				     PIC X.
   181		  02  FILLER REDEFINES TIXNOF.
   182		      03  TIXNOA			     PIC X.
   183		  02  TIXNOI				     PIC X(006).
   184		  02  REQBYL				     PIC S9(4) COMP.   185		  02  REQBYF				     PIC X.
   186		  02  FILLER REDEFINES REQBYF.
   187		      03  REQBYA			     PIC X.
   188		  02  REQBYI				     PIC X(007).
   189		  02  TITLEL				     PIC S9(4) COMP.
   190		  02  TITLEF				     PIC X.
   191		  02  FILLER REDEFINES TITLEF.
   192		      03  TITLEA			     PIC X.
   193		  02  TITLEI				     PIC X(025).
   194		  02  DESC1L				     PIC S9(4) COMP.
   195		  02  DESC1F				     PIC X.
   196		  02  FILLER REDEFINES DESC1F.
   197		      03  DESC1A			     PIC X.
   198		  02  DESC1I				     PIC X(040).
   199		  02  DESC2L				     PIC S9(4) COMP.
   200		  02  DESC2F				     PIC X.
   201		  02  FILLER REDEFINES DESC2F.
   202		      03  DESC2A			     PIC X.
   203		  02  DESC2I				     PIC X(040).
   204		  02  STATL				     PIC S9(4) COMP.
   205		  02  STATF				     PIC X.
   206		  02  FILLER REDEFINES STATF.
   207		      03  STATA 			     PIC X.
   208		  02  STATI				     PIC X(010).
   209		  02  UPDBYL				     PIC S9(4) COMP.
   210		  02  UPDBYF				     PIC X.
   211		  02  FILLER REDEFINES UPDBYF.
   212		      03  UPDBYA			     PIC X.
   213		  02  UPDBYI				     PIC X(008).
   214		  02  REM1L				     PIC S9(4) COMP.
   215		  02  REM1F				     PIC X.
   216		  02  FILLER REDEFINES REM1F.
   217		      03  REM1A 			     PIC X.
   218		  02  REM1I				     PIC X(025).
   219		  02  REM2L				     PIC S9(4) COMP.
   220		  02  REM2F				     PIC X.
   221		  02  FILLER REDEFINES REM2F.
   222		      03  REM2A 			     PIC X.
   223		  02  REM2I				     PIC X(025).
   224		  02  DATE2L				     PIC S9(4) COMP.
   225		  02  DATE2F				     PIC X.
   226		  02  FILLER REDEFINES DATE2F.
   227		      03  DATE2A			     PIC X.
   228		  02  DATE2I				     PIC X(010).
   229		  02  TIME2L				     PIC S9(4) COMP.
   230		  02  TIME2F				     PIC X.
   231		  02  FILLER REDEFINES TIME2F.
   232		      03  TIME2A			     PIC X.
   233		  02  TIME2I				     PIC X(010).
   234		  02  ERRMSGL				     PIC S9(4) COMP.
   235		  02  ERRMSGF				     PIC X.
   236		  02  FILLER REDEFINES ERRMSGF.
   237		      03  ERRMSGA			     PIC X.
   238		  02  ERRMSGI				     PIC X(071).
   239	      01  SM006MO REDEFINES SM006MI.
   240		  02  FILLER				     PIC X(12).
   241		  02  FILLER				     PIC XX.
   242		  02  FILLER				     PIC X.
   243		  02  PF2O				     PIC X(012).
   244		  02  FILLER				     PIC XX.   245		  02  FILLER				     PIC X.
   246		  02  PF5O				     PIC X(011).
   247		  02  FILLER				     PIC XX.
   248		  02  FILLER				     PIC X.
   249		  02  DATE1O				     PIC X(010).
   250		  02  FILLER				     PIC XX.
   251		  02  FILLER				     PIC X.
   252		  02  TIME1O				     PIC X(008).
   253		  02  FILLER				     PIC XX.
   254		  02  FILLER				     PIC X.
   255		  02  TIXNOO				     PIC X(006).
   256		  02  FILLER				     PIC XX.
   257		  02  FILLER				     PIC X.
   258		  02  REQBYO				     PIC X(007).
   259		  02  FILLER				     PIC XX.
   260		  02  FILLER				     PIC X.
   261		  02  TITLEO				     PIC X(025).
   262		  02  FILLER				     PIC XX.
   263		  02  FILLER				     PIC X.
   264		  02  DESC1O				     PIC X(040).
   265		  02  FILLER				     PIC XX.
   266		  02  FILLER				     PIC X.
   267		  02  DESC2O				     PIC X(040).
   268		  02  FILLER				     PIC XX.
   269		  02  FILLER				     PIC X.
   270		  02  STATO				     PIC X(010).
   271		  02  FILLER				     PIC XX.
   272		  02  FILLER				     PIC X.
   273		  02  UPDBYO				     PIC X(008).
   274		  02  FILLER				     PIC XX.
   275		  02  FILLER				     PIC X.
   276		  02  REM1O				     PIC X(025).
   277		  02  FILLER				     PIC XX.
   278		  02  FILLER				     PIC X.
   279		  02  REM2O				     PIC X(025).
   280		  02  FILLER				     PIC XX.
   281		  02  FILLER				     PIC X.
   282		  02  DATE2O				     PIC X(010).
   283		  02  FILLER				     PIC XX.
   284		  02  FILLER				     PIC X.
   285		  02  TIME2O				     PIC X(010).
   286		  02  FILLER				     PIC XX.
   287		  02  FILLER				     PIC X.
   288		  02  ERRMSGO				     PIC X(071).
   290	     *
   291		  COPY DFHAID.
   293	      01  DFHAID.
   294	     *
   295	     * CA-Realia CICS 6.0 Computer Associates International, Inc.
   296	     *
   297	     * Revision Information
   298	     * ^{File:dfhaid.cob  }
   299	     * ^{Timestamp:Thu May 15 14:02:52 1997}
   300	     * ^{Revision:2.0}
   301	     *
   302	     *This is the AID constants copy file
   303	     *
   304            05  DFHENTER                  PIC X VALUE ''''.
   305	     *					value APOST
   306            05  DFHCLEAR                  PIC X VALUE '_'.   307            05  DFHPA1                    PIC X VALUE '%'.
   308            05  DFHPA2                    PIC X VALUE '>'.
   309            05  DFHPA3                    PIC X VALUE ','.
   310            05  DFHPF1                    PIC X VALUE '1'.
   311            05  DFHPF2                    PIC X VALUE '2'.
   312            05  DFHPF3                    PIC X VALUE '3'.
   313            05  DFHPF4                    PIC X VALUE '4'.
   314            05  DFHPF5                    PIC X VALUE '5'.
   315            05  DFHPF6                    PIC X VALUE '6'.
   316            05  DFHPF7                    PIC X VALUE '7'.
   317            05  DFHPF8                    PIC X VALUE '8'.
   318            05  DFHPF9                    PIC X VALUE '9'.
   319            05  DFHPF10                   PIC X VALUE ':'.
   320            05  DFHPF11                   PIC X VALUE '#'.
   321            05  DFHPF12                   PIC X VALUE '@'.
   322            05  DFHPF13                   PIC X VALUE 'A'.
   323            05  DFHPF14                   PIC X VALUE 'B'.
   324            05  DFHPF15                   PIC X VALUE 'C'.
   325            05  DFHPF16                   PIC X VALUE 'D'.
   326            05  DFHPF17                   PIC X VALUE 'E'.
   327            05  DFHPF18                   PIC X VALUE 'F'.
   328            05  DFHPF19                   PIC X VALUE 'G'.
   329            05  DFHPF20                   PIC X VALUE 'H'.
   330            05  DFHPF21                   PIC X VALUE 'I'.
   331            05  DFHPF22                   PIC X VALUE '›'.
   332       *                                  EBCDIC Cent sign x'4A'
   333       *                                  ASCII  Cent sign x'9B'
   334            05  DFHPF23                   PIC X VALUE '.'.
   335            05  DFHPF24                   PIC X VALUE '<'.
   336            05  DFHOPID                   PIC X VALUE 'W'.
   337            05  DFHMSRE                   PIC X VALUE 'X'.
   338            05  DFHTRIG                   PIC X VALUE '"'.
   339       *                                        value QUOTE  "
   340            05  DFHPEN                    PIC X VALUE '='.
   341            05  DFHCLRP                   PIC X VALUE 'Ý'.
   342       *                                  EBCDIC x'6A'
   343       *                                  ASCII  x'DD'
   344            05  DFHSTRF                   PIC X VALUE 'h'.
   345	     *	  DFHQUIT is a CA-Realia CICS Extension
   346	     *	  It is set by using <Ctrl>+C or <Ctrl>+<Break> Keys
   347            05  DFHQUIT                   PIC X VALUE '!'.
   348		  05  DFHNULL			PIC X VALUE LOW-VALUE.
   350	     *
   351	      COPY DFHBMSCA.
   353	      01  DFHBMSCA.
   354	     *
   355	     * CA-Realia CICS 6.0 Computer Associates International, Inc.
   356	     *
   357	     * Revision Information
   358	     * ^{File:dfhbmsca.cob}
   359	     * ^{Timestamp:Tue Oct 08 15:34:54 1996}
   360	     * ^{Revision:2.0}
   361	     *
   362	     *	Note:This FILE is provided with most values as quoted literals
   363	     *	     so that the file can be used for both ASCII and EBCDIC
   364	     *	     programs
   365	     *
   366	     *	     The only exceptions are some 3270 Data Stream Orders
   367	     *	     They use different Hexadecimal values for ASCII and
   368	     *	     EBCDIC and they cannot be expressed as quoted literals   369	     *	     as the values are <Line Feed>, <Tab>, <End of File> etc.
   370	     *	     characters in ASCII
   371	     *
   372	     *	     They have their values set up to default to the EBCDIC
   373	     *	     values.
   374	     *
   375	     *	     3270 orders are only needed for EXEC CICS SEND and RECEIVE
   376	     *	     and SEND TEXT with imbedded format orders.
   377	     *	     If you use these values in ASCII programs the values
   378	     *	     must be changed.
   379	     *
   380	     *	     An alternative is to use REPLACING to change the values.
   381	     *
   382	     *	  i.e. COPY DFHBMSCA replacing
   383	     *			    ==005== BY ==009==	*> DFHPT
   384	     *			    ==021== BY ==010==	*> DFHNL
   385	     *			    ==040== BY ==021==	*> DFHSA
   386	     *			    ==041== BY ==031==	*> DFHSFE
   387	     *			    ==044== BY ==023==	*> DFHMF
   388	     *			    ==060== BY ==020==	*> DFHRA
   389	     *			    ==063== BY ==026==. *> DFHSUB
   390	     *
   391	     ******************************************************************
   392	     *BMS and Terminal Control - Order & Attributes constants	      *
   393	     ******************************************************************
   394	     *
   395	     *	  Field Attributes
   396	     *
   397            05  DFHBMASB                          PIC X VALUE '8'.
   398            05  DFHBMASF                          PIC X VALUE '1'.
   399            05  DFHBMASK                          PIC X VALUE '0'.
   400            05  DFHBMBRY                          PIC X VALUE 'H'.
   401            05  DFHBMDAR                          PIC X VALUE '<'.
   402            05  DFHBMFSE                          PIC X VALUE 'A'.
   403            05  DFHBMPRF                          PIC X VALUE '/'.
   404            05  DFHBMPRO                          PIC X VALUE '-'.
   405            05  DFHBMUNN                          PIC X VALUE '&'.
   406            05  DFHBMUNP                          PIC X VALUE ' '.
   407            05  DFHUNNUM                          PIC X VALUE 'J'.
   408	     *
   409	     *	  partially supported
   410	     *
   411            05  DFHUNNOD                          PIC X VALUE '('.
   412            05  DFHUNIMD                          PIC X VALUE 'I'.
   413            05  DFHUNINT                          PIC X VALUE 'R'.
   414            05  DFHUNNON                          PIC X VALUE '('.
   415            05  DFHPROTI                          PIC X VALUE 'Y'.
   416            05  DFHPROTN                          PIC X VALUE '%'.
   417	     *
   418	     *	  These values are additions to mainframe constants
   419	     *
   420            05  DFHBMS-ASK-DARK                   PIC X VALUE '@'.
   421            05  DFHBMS-ASK-BRY-FSET               PIC X VALUE '9'.
   422            05  DFHBMS-ASK-DAR-FSET               PIC X VALUE ''''.
   423	     *						      VALUE APOST
   424            05  DFHBMS-PRO-BRY-FSET               PIC X VALUE 'Z'.
   425            05  DFHBMS-PRO-DAR-FSET               PIC X VALUE '_'.
   426            05  DFHBMS-NUM-BRY                    PIC X VALUE 'Q'.
   427            05  DFHBMS-NUM-DAR                    PIC X VALUE '*'.
   428            05  DFHBMS-NUM-DAR-FSET               PIC X VALUE ')'.   429	     *
   430	     *	  Field Flag values
   431		  05  DFHBMEOF-VAL VALUE 128		PIC S9(4) COMP-4.
   432		  05  FILLER REDEFINES DFHBMEOF-VAL.
   433		      10  FILLER			PIC X.
   434		      10  DFHBMEOF			PIC X.
   435       *                                          x'80'.
   436		  05  DFHBMCUR-VAL VALUE 002		PIC S9(4) COMP-4.
   437		  05  FILLER REDEFINES DFHBMCUR-VAL.
   438		      10  FILLER			PIC X.
   439		      10  DFHBMCUR			PIC X.
   440       *                                          x'02'.
   441		  05  DFHBMMEC-VAL VALUE 130		PIC S9(4) COMP-4.
   442		  05  FILLER REDEFINES DFHBMMEC-VAL.
   443		      10  FILLER			PIC X.
   444		      10  DFHBMMEC			PIC X.
   445       *                                          x'82'.
   446       *                                          x'02'.
   447		  05  DFHBMFLG-VAL  VALUE 0		PIC S9(4) COMP-4.
   448		      88  DFHERASE			VALUES 128 130.
   449       *                                          x'80' X'82'
   450		      88  DFHCURSR			VALUES 002 130.
   451       *                                          x'02' X'82'
   452		  05  FILLER REDEFINES DFHBMFLG-VAL.
   453		      10  FILLER			PIC X.
   454		      10  DFHBMFLG			PIC X.
   455
   456		  05  DFHBMDUP-VAL VALUE 028		PIC S9(4) COMP-4.
   457		  05  FILLER REDEFINES DFHBMDUP-VAL.
   458		      10  FILLER			PIC X.
   459		      10  DFHBMDUP			PIC X.
   460       *                                              x'1C'
   461	     *
   462	     ******************************************************************
   463	     *	  supported 327X Extended Attributes
   464	     *
   465	     *	  Extended COLOR Attributes
   466	     *
   467            05  DFHDFCOL                          PIC X VALUE '0'.
   468            05  DFHBLUE                           PIC X VALUE '1'.
   469            05  DFHRED                            PIC X VALUE '2'.
   470            05  DFHPINK                           PIC X VALUE '3'.
   471            05  DFHGREEN                          PIC X VALUE '4'.
   472            05  DFHTURQ                           PIC X VALUE '5'.
   473            05  DFHYELLO                          PIC X VALUE '6'.
   474            05  DFHNEUTR                          PIC X VALUE '7'.
   475	     *
   476	     *	  Extended HILIGHT Attributes
   477	     *
   478            05  DFHDFHI                           PIC X VALUE '0'.
   479            05  DFHBLINK                          PIC X VALUE '1'.
   480            05  DFHREVRS                          PIC X VALUE '2'.
   481            05  DFHUNDLN                          PIC X VALUE '4'.
   482	     *
   483	     ******************************************************************
   484	     *	  supported 327X Data Stream Orders
   485	     *
   486		  05  DFHSBA-VAL VALUE 017		 PIC S9(4) COMP-4.
   487		  05  FILLER REDEFINES DFHSBA-VAL.
   488		      10  FILLER			PIC X.   489		      10  DFHSBA			PIC X.
   490       *                                              x'11'
   491		  05  DFHEUA-VAL VALUE 018		PIC S9(4) COMP-4.
   492		  05  FILLER REDEFINES DFHEUA-VAL.
   493		      10  FILLER			PIC X.
   494		      10  DFHEUA			PIC X.
   495       *                                              x'12'
   496		  05  DFHIC-VAL VALUE 019		PIC S9(4) COMP-4.
   497		  05  FILLER REDEFINES DFHIC-VAL.
   498		      10  FILLER			PIC X.
   499		      10  DFHIC 			PIC X.
   500       *                                              X'13'.
   501		  05  DFHSF-VAL VALUE 029		PIC S9(4) COMP-4.
   502		  05  FILLER REDEFINES DFHSF-VAL.
   503		      10  FILLER			PIC X.
   504		      10  DFHSF 			PIC X.
   505       *                                              X'1D'.
   506		  05  DFHPT-VAL VALUE 005		PIC S9(4) COMP-4.
   507		      88 DFHPT-VAL-EBCDIC		VALUE 5.
   508		      88 DFHPT-VAL-ASCII		VALUE 9.
   509		  05  FILLER REDEFINES DFHPT-VAL.
   510		      10  FILLER			PIC X.
   511		      10  DFHPT 			PIC X.
   512       *                                              EBCDIC X'05'.
   513       *                                              ASCII  X'09'.
   514		  05  DFHRA-VAL VALUE 060		PIC S9(4) COMP-4.
   515		      88 DFHRA-VAL-EBCDIC		VALUE 60.
   516		      88 DFHRA-VAL-ASCII		VALUE 20.
   517		  05  FILLER REDEFINES DFHRA-VAL.
   518		      10  FILLER			PIC X.
   519		      10  DFHRA 			PIC X.
   520       *                                              EBCDIC x'3C'
   521       *                                              ASCII  x'14'
   522		  05  DFHSFE-VAL VALUE 041		PIC S9(4) COMP-4.
   523		      88 DFHSFE-VAL-EBCDIC		VALUE 41.
   524		      88 DFHSFE-VAL-ASCII		VALUE 31.
   525		  05  FILLER REDEFINES DFHSFE-VAL.
   526		      10  FILLER			PIC X.
   527		      10  DFHSFE			PIC X.
   528       *                                              EBCDIC x'29'
   529       *                                              ASCII  x'1F'
   530		  05  DFHMF-VAL VALUE 044		PIC S9(4) COMP-4.
   531		      88 DFHMF-VAL-EBCDIC		VALUE 44.
   532		      88 DFHMF-VAL-ASCII		VALUE 23.
   533		  05  FILLER REDEFINES DFHMF-VAL.
   534		      10  FILLER			PIC X.
   535		      10  DFHMF 			PIC X.
   536       *                                              EBCDIC x'2C'
   537       *                                              ASCII  x'17'
   538	     *
   539	     ******************************************************************
   540	     *	  unsupported 327X Data Stream order codes
   541	     *
   542		  05  DFHSA-VAL VALUE 040		PIC S9(4) COMP-4.
   543		      88 DFHSA-VAL-EBCDIC		VALUE 40.
   544		      88 DFHSA-VAL-ASCII		VALUE 21.
   545		  05  FILLER REDEFINES DFHSA-VAL.
   546		      10  FILLER			PIC X.
   547		      10  DFHSA 			PIC X.
   548       *                                              EBCDIC x'28'   549       *                                              ASCII  x'15'
   550		  05  DFHGE-VAL VALUE 008		PIC S9(4) COMP-4.
   551		  05  FILLER REDEFINES DFHGE-VAL.
   552		      10  FILLER			PIC X.
   553		      10  DFHGE 			PIC X.
   554       *                                              X'08'.
   555	     *
   556	     ******************************************************************
   557	     *	  SFE and MF supported attribute types
   558	     *
   559            05  DFHCOLOR                          PIC X VALUE 'ƒ'.
   560       *                                              EBCDIC x'42'
   561       *                                              ASCII  x'83'
   562            05  DFHHLT                            PIC X VALUE 'Ö'.
   563       *                                              EBCDIC x'41'
   564       *                                              ASCII  x'D6'
   565            05  DFH3270                           PIC X VALUE '{'.
   566	     *
   567	     *	  supported for SEND TEXT command and printer terminal
   568	     *
   569		  05  DFHBMPNL-VAL VALUE 021		PIC S9(4) COMP-4.
   570		      88 DFHBMPNL-VAL-EBCDIC		VALUE 21.
   571		      88 DFHBMPNL-VAL-ASCII		VALUE 10.
   572		  05  FILLER REDEFINES DFHBMPNL-VAL.
   573		      10  FILLER			PIC X.
   574		      10  DFHBMPNL			PIC X.
   575       *                                              EBCDIC X'15'.
   576       *                                              ASCII  X'0A'.
   577	     *
   578	     ******************************************************************
   579	     *	  Printer terminal data stream only
   580	     *
   581		  05  DFHBMPFF-VAL VALUE 012		PIC S9(4) COMP-4.
   582		  05  FILLER REDEFINES DFHBMPFF-VAL.
   583		      10  FILLER			PIC X.
   584		      10  DFHBMPFF			PIC X.
   585       *                                              X'0C'.
   586		  05  DFHBMPCR-VAL VALUE 013		PIC S9(4) COMP-4.
   587		  05  FILLER REDEFINES DFHBMPCR-VAL.
   588		      10  FILLER			PIC X.
   589		      10  DFHBMPCR			PIC X.
   590       *                                              X'0D'.
   591		  05  DFHBMPEM-VAL VALUE 025		PIC S9(4) COMP-4.
   592		  05  FILLER REDEFINES DFHBMPEM-VAL.
   593		      10  FILLER			PIC X.
   594		      10  DFHBMPEM			PIC X.
   595       *                                              X'19'.
   596	     *
   597	     ******************************************************************
   598	     *	  unsupported Miscellaneous attributes and constants
   599	     *
   600		  05  DFHALL				PIC X VALUE LOW-VALUES.
   601            05  DFHBASE                           PIC X VALUE '0'.
   602		  05  DFHBMDET				PIC X VALUE LOW-VALUES.
   603		  05  DFHBMPSOSI-VAL VALUE 3599 	PIC S9(4) COMP-4.
   604		  05  FILLER REDEFINES DFHBMPSOSI-VAL.
   605		      10  DFHBMPSO			PIC X.
   606       *                                              X'0E'.
   607		      10  DFHBMPSI			PIC X.
   608       *                                              X'0F'.   609		  05  DFHDFT VALUE HIGH-VALUES		PIC X.
   610            05  DFHERROR                          PIC X VALUE '¶'.
   611       *                                              EBCDIC X'1A'.
   612       *                                              ASCII  X'B6'.
   613            05  DFHFIL                            PIC X VALUE '4'.
   614            05  DFHMENT                           PIC X VALUE '2'.
   615            05  DFHMET                            PIC X VALUE '3'.
   616            05  DFHMFE                            PIC X VALUE '6'.
   617            05  DFHMFET                           PIC X VALUE '7'.
   618            05  DFHMFT                            PIC X VALUE '5'.
   619            05  DFHMT                             PIC X VALUE '1'.
   620            05  DFHOUTLN                          PIC X VALUE 'B'.
   621            05  DFHPS                             PIC X VALUE '„'.
   622       *                                              EBCDIC x'43'
   623       *                                              ASCII  x'84'
   624            05  DFHVAL                            PIC X VALUE 'A'.
   625	     *
   626		  05  DFHSUB-VAL   VALUE 063		PIC S9(4) COMP-4.
   627		      88 DFHSUB-VAL-EBCDIC		VALUE 63.
   628		      88 DFHSUB-VAL-ASCII		VALUE 26.
   629		  05  FILLER REDEFINES DFHSUB-VAL.
   630		      10  FILLER			PIC X.
   631		      10  DFHSUB			PIC X.
   632       *                                              EBCDIC X'3F'.
   633       *                                              ASCII  X'1A'.
   634	     *
   635		  05  DFHFM-VAL    VALUE 030		PIC S9(4) COMP-4.
   636		  05  FILLER REDEFINES DFHFM-VAL.
   637		      10  FILLER			PIC X.
   638		      10  DFHFM 			PIC X.
   639       *                                              EBCDIC X'1E'.
   640		  05  DFHEO VALUE HIGH-VALUE		PIC X.
   642
   643	      LINKAGE SECTION.
   645	      01  DFHEIBLK.						       R
   646		  05 EIBTIME  PIC S9(7) COMP-3. 			       R
   647		  05 EIBDATE  PIC S9(7) COMP-3. 			       R
   648		  05 EIBTRNID PIC X(4). 				       R
   649		  05 EIBTASKN PIC S9(7) COMP-3. 			       R
   650		  05 EIBTRMID PIC X(4). 				       R
   651		  05 DFHEIGDI PIC S9(4) COMP-4. 			       R
   652		  05 EIBCPOSN PIC S9(4) COMP-4. 			       R
   653		  05 EIBCALEN PIC S9(4) COMP-4. 			       R
   654		  05 EIBAID   PIC X.					       R
   655		  05 EIBFN    PIC X(2). 				       R
   656		  05 EIBRCODE PIC X(6). 				       R
   657		  05 EIBDS    PIC X(8). 				       R
   658		  05 EIBREQID PIC X(8). 				       R
   659		  05 EIBRSRCE PIC X(8). 				       R
   660		  05 EIBSYNC  PIC X.					       R
   661		  05 EIBFREE  PIC X.					       R
   662		  05 EIBRECV  PIC X.					       R
   663		  05 EIBSEND  PIC X.					       R
   664		  05 EIBATT   PIC X.					       R
   665		  05 EIBEOC   PIC X.					       R
   666		  05 EIBFMH   PIC X.					       R
   667		  05 EIBCOMPL PIC X.					       R
   668		  05 EIBSIG   PIC X.					       R
   669		  05 EIBCONF  PIC X.					       R
   670		  05 EIBERR   PIC X.					       R   671		  05 EIBERRCD PIC X(4). 				       R
   672		  05 EIBSYNRB PIC X.					       R
   673		  05 EIBNODAT PIC X.					       R
   674		  05 EIBRESP  PIC S9(8) COMP-4. 			       R
   675		  05 EIBRESP2 PIC S9(8) COMP-4. 			       R
   676		  05 EIBRLDBK PIC X.					       R
   677		  05 EIBCARESERVED PIC X(32).				       R
   679	      01  DFHCOMMAREA				PIC X(20).
   680	     *
   681	      PROCEDURE DIVISION					       R
   683		  USING DFHEIBLK DFHCOMMAREA.				       R
   708	      000-PROCESS-MENU.
   709	     *
   710            IF EIBTRNID = 'SM00' OR 'SM01' OR 'SM12' OR 'SM06'
   711		       IF EIBCALEN NOT = +0
   712			  MOVE DFHCOMMAREA TO WS-COMMAREA
   713                    IF WS-PROG-STATE = 1 AND WS-INIT = 'N'
   714			      PERFORM 400-VALIDATE-TICKET
   715			      MOVE DFHBMASK TO TIXNOA
   716			      MOVE 2 TO WS-PROG-STATE
   717                        MOVE 'PRESS F2 TO CANCEL THE TICKET' TO ERRMSGO
   718			      PERFORM 100-SEND-MAP
   719                        MOVE 'Y' TO WS-INIT
   720			  ELSE
   721			      IF EIBAID = DFHPF3 OR DFHPF2 OR DFHPF5 OR
   722					      DFHENTER OR DFHPF11 OR DFHPF12
   723				  PERFORM 200-REC-MAP
   724			      ELSE
   725				  IF WS-TICKET-NUM NOT = LOW-VALUES
   726				      MOVE DFHBMPRO TO TIXNOA
   727				      PERFORM 400-VALIDATE-TICKET
   728				  END-IF
   729                            MOVE 'INVALID PFKEY PRESSED' TO ERRMSGO
   730				  PERFORM 100-SEND-MAP
   731			      END-IF
   732			  END-IF
   733		       ELSE
   734			  MOVE DFHBMDAR TO PF2A
   735			  MOVE DFHBMDAR TO PF5A
   736			  MOVE 1 TO WS-PROG-STATE
   737                    MOVE 'ENTER TICKET NUMBER AND PRESS ENTER' TO ERRMSGO
   738			  PERFORM 100-SEND-MAP
   739		       END-IF
   740		  ELSE
   742		      EXEC CICS RETURN
   743		      END-EXEC
   756		  END-IF.
   757	      000-EXIT.
   758		  EXIT.
   759
   760	      100-SEND-MAP.
   761		  MOVE EIBDATE TO WS-DATE
   762		  MOVE WS-DATE-X TO DATE1O
   764		  EXEC CICS ASKTIME
   765			  ABSTIME      (WS-TIME)
   766		      END-EXEC
   785		      EXEC CICS FORMATTIME
   786			  ABSTIME      (WS-TIME)
   787                    DATESEP      ('-')
   788			  MMDDYY   (DATE1O)   789		      TIME     (TIME1O)
   790                TIMESEP  (':')
   791		  END-EXEC
   831		  MOVE DFHBMASB TO TIME1A
   832		  MOVE DFHBMASB TO DATE1A
   834		  EXEC CICS
   835                SEND MAP('SM006M')
   836                MAPSET('SM006S')
   837		      FROM(SM006MO)
   838		      ERASE
   839		  END-EXEC
   876		  EXEC CICS RETURN
   877                TRANSID('SM06')
   878		      COMMAREA(WS-COMMAREA)
   879		  END-EXEC.
   904	      100-EXIT.
   905		  EXIT.
   906
   907	      200-REC-MAP.
   909		  EXEC CICS
   910                RECEIVE MAP('SM006M')
   911                MAPSET('SM006S')
   912		      INTO (SM006MI)
   913		  END-EXEC
   946		  PERFORM 300-CHECK-AID.
   947	      200-EXIT.
   948		  EXIT.
   949
   950	      300-CHECK-AID.
   951		  EVALUATE TRUE
   952		      WHEN EIBAID = DFHPF3
   953			  EVALUATE TRUE
   954			      WHEN WS-PROG-STATE = 1
   955			      WHEN WS-PROG-STATE = 2
   957				  EXEC CICS XCTL
   958                                PROGRAM('SM000P')
   959				  END-EXEC
   978			      WHEN WS-PROG-STATE = 3
   979				  MOVE 1 TO WS-PROG-STATE
   981				  EXEC CICS RETURN END-EXEC
   994			  END-EVALUATE
   995		      WHEN EIBAID = DFHPF2
   996			  EVALUATE TRUE
   997			      WHEN WS-PROG-STATE = 1
   998			      WHEN WS-PROG-STATE = 3
   999				  MOVE WS-TICKET-NUM TO TIXNOO
  1000				  IF TIXNOO NOT = LOW-VALUES
  1001				      MOVE DFHBMASK TO TIXNOA
  1002				  END-IF
  1003				  PERFORM 100-SEND-MAP
  1004			      WHEN WS-PROG-STATE = 2
  1005				  PERFORM 700-CANCEL-TICKET
  1006				  PERFORM 800-CREATE-LOG
  1007				  ADD 1 TO WS-PROG-STATE
  1008				  PERFORM 100-SEND-MAP
  1009			  END-EVALUATE
  1010		      WHEN EIBAID = DFHPF5
  1011			  EVALUATE TRUE
  1012			      WHEN WS-PROG-STATE = 1
  1013			      WHEN WS-PROG-STATE = 3  1014				  MOVE 1 TO WS-PROG-STATE
  1015				  PERFORM 900-CLEAR-VALS
  1016                            MOVE 'ENTER TICKET NUMBER AND PRESS ENTER' TO
  1017				      ERRMSGO
  1018				  PERFORM 100-SEND-MAP
  1019			      WHEN WS-PROG-STATE = 2
  1020                            MOVE 'TICKET CANCEL ABORTED' TO ERRMSGO
  1021				  PERFORM 900-CLEAR-VALS
  1022				  MOVE 1  TO WS-PROG-STATE
  1023				  PERFORM 100-SEND-MAP
  1024			  END-EVALUATE
  1025		      WHEN EIBAID = DFHENTER
  1026			  EVALUATE TRUE
  1027			      WHEN WS-PROG-STATE = 1
  1028				  IF TIXNOI = SPACES OR TIXNOL = ZERO
  1029                                MOVE 'TICKET NUMBER IS REQUIRED' TO
  1030					  ERRMSGO
  1031				      PERFORM 100-SEND-MAP
  1032				  ELSE
  1033				      MOVE 2 TO WS-PROG-STATE
  1034				      MOVE TIXNOI TO WS-TICKET-NUM
  1035				      PERFORM 400-VALIDATE-TICKET
  1036				      MOVE DFHBMASK TO TIXNOA
  1037                                MOVE 'PRESS F2 TO CANCEL THE TICKET' TO
  1038					   ERRMSGO
  1039				      PERFORM 100-SEND-MAP
  1040				  END-IF
  1041			      WHEN WS-PROG-STATE = 2
  1042				  MOVE WS-TICKET-NUM TO TIXNOO
  1043				  MOVE DFHBMASK TO TIXNOA
  1044				  MOVE 2 TO WS-PROG-STATE
  1045                            MOVE 'PRESS F2 TO CANCEL THE TICKET' TO
  1046				       ERRMSGO
  1047				  PERFORM 100-SEND-MAP
  1048			      WHEN WS-PROG-STATE = 3
  1049                            MOVE 'ENTER TICKET NUMBER AND PRESS ENTER' TO
  1050				      ERRMSGO
  1051				  MOVE 1 TO WS-PROG-STATE
  1052				  MOVE LOW-VALUES TO SM006MO
  1053				  PERFORM 100-SEND-MAP
  1054			  END-EVALUATE
  1055		      WHEN OTHER
  1057			  EXEC CICS SEND TEXT
  1058			      ERASE
  1059			      FROM (WS-INVKEY)
  1060			      LENGTH (22)
  1061			  END-EXEC
  1091		  END-EVALUATE
  1092		  PERFORM 100-SEND-MAP.
  1093	      300-EXIT.
  1094		  EXIT.
  1095
  1096	      400-VALIDATE-TICKET.
  1098		  EXEC CICS
  1099                READ FILE('STF00001')
  1100		      INTO (WS-TIX-REC)
  1101		      RIDFLD (WS-TICKET-NUM1)
  1102		      RESP(WS-RESPONSE-CODE)
  1103		      GTEQ
  1104		  END-EXEC  1142            IF TIX-STATUS = 'CANCELED'
  1143		      MOVE 1 TO WS-PROG-STATE
  1144		      MOVE WS-INVALID-TICKET TO ERRMSGO
  1145		      PERFORM 100-SEND-MAP
  1146		  END-IF
  1148		  IF EIBRESP = DFHRESP(NOTFND)
  1150		  IF EIBRESP =	       013				       R
  1151		      MOVE 1 TO WS-PROG-STATE
  1152		      MOVE WS-INVALID-TICKET TO ERRMSGO
  1153		      PERFORM 100-SEND-MAP
  1154		  ELSE
  1155		      PERFORM 500-SEARCH-USER
  1156		  END-IF.
  1157	      400-EXIT.
  1158		  EXIT.
  1159
  1160	      500-SEARCH-USER.
  1162		  EXEC CICS ASSIGN
  1163		      USERID(WS-USERID)
  1164		  END-EXEC
  1183		  EXEC CICS
  1184                READ FILE('UAF00001')
  1185		      INTO (WS-USER-REC)
  1186		      RIDFLD (WS-USERID)
  1187		      RESP(WS-RESPONSE-CODE)
  1188		      EQUAL
  1189		  END-EXEC
  1227		  IF TIX-REQUESTOR NOT = USERID
  1228		      MOVE 1 TO WS-PROG-STATE
  1229		      MOVE WS-INVALID-USER TO ERRMSGO
  1230		      PERFORM 100-SEND-MAP
  1231		  ELSE
  1232		      MOVE WS-USERID TO WS-USERID1
  1233		      PERFORM 600-MOVE-TICKETVAL
  1234		  END-IF.
  1235	      500-EXIT.
  1236		  EXIT.
  1237
  1238	      600-MOVE-TICKETVAL.
  1239		  MOVE TIX-ID TO TIXNOO
  1240		  MOVE TIX-REQUESTOR TO REQBYO
  1241		  MOVE TIX-TITLE TO TITLEO
  1242		  MOVE TIX-DESC1 TO DESC1O
  1243		  MOVE TIX-DESC2 TO DESC2O
  1244		  MOVE TIX-STATUS TO STATO
  1245		  MOVE TIX-TITLE TO TITLEO
  1246		  MOVE UPDATED-BY2 TO UPDBYO
  1247		  MOVE LAST-UPDATE-DATE TO DATE2O
  1248		  MOVE LAST-UPDATE-TIME TO TIME2O
  1249		  MOVE LAST-UPDATE-REM1 TO REM1O
  1250		  MOVE LAST-UPDATE-REM2 TO REM2O.
  1251	      600-EXIT.
  1252		  EXIT.
  1253
  1254
  1255	      700-CANCEL-TICKET.
  1257		  EXEC CICS
  1258                READ FILE('STF00001')
  1259		      INTO (WS-TIX-REC)
  1260		      RIDFLD (WS-TICKET-NUM1)  1261		      RESP(WS-RESPONSE-CODE)
  1262		      EQUAL
  1263		      UPDATE
  1264		  END-EXEC
  1305            MOVE 'TICKET CANCELED, PRESS ENTER TO CANCEL ANOTHER TICKET'
  1306			 TO ERRMSGO
  1307
  1308            MOVE 'CANCELED' TO TIX-STATUS
  1309            MOVE 'TICKET CANCELED' TO LAST-UPDATE-REM
  1310		  MOVE EIBDATE TO WS-DATE
  1311		  MOVE WS-DATE-X TO LAST-UPDATE-DATE
  1313		  EXEC CICS ASKTIME
  1314			  ABSTIME      (WS-TIME)
  1315		      END-EXEC
  1334		      EXEC CICS FORMATTIME
  1335			  ABSTIME      (WS-TIME)
  1336                    DATESEP      ('/')
  1337			  MMDDYYYY (LAST-UPDATE-DATE)
  1338		      TIME     (LAST-UPDATE-TIME)
  1339                TIMESEP  (':')
  1340		  END-EXEC
  1380		  MOVE DFHBMASK TO TIXNOA
  1381		  MOVE WS-TICKET-NUM1 TO TIXNOO
  1382		  MOVE TIX-REQUESTOR TO REQBYO
  1383		  MOVE TIX-TITLE TO TITLEO
  1384		  MOVE WS-USERID1 TO UPDBYO
  1385		  MOVE WS-USERID1 TO UPDATED-BY2
  1386		  MOVE LAST-UPDATE-DATE TO DATE2O
  1387		  MOVE LAST-UPDATE-TIME TO TIME2O
  1388		  MOVE TIX-STATUS TO STATO
  1389		  MOVE LAST-UPDATE-REM1 TO REM1O
  1390		  MOVE LAST-UPDATE-REM2 TO REM2O
  1391		  MOVE TIX-DESC1 TO DESC1O
  1392		  MOVE TIX-DESC2 TO DESC2O
  1394		  EXEC CICS
  1395                REWRITE FILE('STF00001')
  1396			      FROM(WS-TIX-REC)
  1397			      RESP(WS-RESPONSE-CODE)
  1398		  END-EXEC.
  1429	      700-EXIT.
  1430		  EXIT.
  1431
  1432	      800-CREATE-LOG.
  1433		  MOVE WS-TICKET-NUM TO LOG-TIX-ID1
  1434		  MOVE 1 TO LOG-SEQ-NUM
  1435		  MOVE LOG-TIX-ID TO WS-LOG-PH
  1437            EXEC CICS STARTBR FILE('STf00002')
  1438		       RIDFLD (LOG-TIX-ID)
  1439		       KEYLENGTH(+9)
  1440		       RESP(WS-RESPONSE-CODE)
  1441		       GTEQ
  1442		  END-EXEC
  1481		  PERFORM UNTIL LOG-TIX-ID1 NOT = WS-LOG-PH(1:6)
  1483		      EXEC CICS READPREV
  1484                          FILE('STf00002')
  1485				INTO (WS-LOG)
  1486				RIDFLD (LOG-TIX-ID)
  1487				RESP(WS-RESPONSE-CODE)
  1488		      END-EXEC
  1523		      IF WS-LOG-PH(1:6) NOT = LOG-TIX-ID1  1524			  CONTINUE
  1525		      ELSE
  1526			  MOVE LOG-TIX-ID TO WS-LOG-PH
  1527		      END-IF
  1528		      ADD 1 TO LOG-SEQ-NUM
  1529		  END-PERFORM
  1531		  EXEC CICS ENDBR
  1532                 FILE('stF00002')
  1533		  END-EXEC
  1552		  ADD 1 TO WS-LOG-SEQ
  1553		  MOVE WS-LOG-PH TO LOG-TIX-ID
  1554		  MOVE LAST-UPDATE-TIME TO LOG-LAST-UPDATE-TIME
  1555		  MOVE LAST-UPDATE-DATE TO LOG-LAST-UPDATE-DATE
  1556		  MOVE UPDBY2 TO LOG-UPDBY2
  1557		  MOVE LAST-UPDATE-REM1 TO LOG-LAST-UPDATE-REM(1:25)
  1558		  MOVE LAST-UPDATE-REM2 TO LOG-LAST-UPDATE-REM(26:25)
  1560		  EXEC CICS
  1561                WRITE FILE('STF00002')
  1562		      FROM(WS-LOG)
  1563		      RIDFLD(LOG-TIX-ID)
  1564		      RESP(WS-RESPONSE-CODE)
  1565		  END-EXEC.
  1601	      800-EXIT.
  1602		  EXIT.
  1603
  1604	      900-CLEAR-VALS.
  1605		  MOVE SPACE TO TIXNOO
  1606		  MOVE SPACE TO REQBYO
  1607		  MOVE SPACE TO TITLEO
  1608		  MOVE SPACE TO DESC1O
  1609		  MOVE SPACE TO DESC2O
  1610		  MOVE SPACE TO STATO
  1611		  MOVE SPACE TO DATE2O
  1612		  MOVE SPACE TO TIME2O
  1613		  MOVE SPACE TO REM1O
  1614		  MOVE SPACE TO REM2O
  1615		  MOVE SPACE TO UPDBYO.
  1616	      900-EXIT.
  1617		  EXIT.CA-Realia COBOL Version 6.0.45	 C:\handson-cics\CAWB30\sm006p.cic     PAGE   17



			Realia COBOL Compiler Version Information

			      Pass 1	 Version 6.072
			      Pass 1a	 Version 6.015
			      Pass 2	 Version 6.068
			      Pass 2a	 Version 6.020
			      Pass 3	 Version 6.094
			      Pass 4	 Version 6.007
			      Pass 5	 Version 6.022


			Compilation Directives in Effect

COMP-4		  DCHK		    OPT 	      NOCALL
NOSUBCHK	  STRCHK	    NOTRUNC	      NOSMALLCOMP
NODCALL 	  NODIVZERO	    NOEPDCALL	      APOST
EBCDIC		  STATABORT	    NOMOVELINK	      NOBLL4K
ARGCHK		  UPLOW 	    NOVERARG	      MDY
LP:   60	  PP		    FCREATE	      NOIEEE
NOLILIAN	  CURRENCY-SIGN=$   WRITEAFTER	      SOSI
NOCOPY68	  NOFLAG-COM	    NOFLAG-SEG	      NOFLAG-FIPS
DEBUGXREF	  DIALECT-VS2

			Error level limit: W

			Source lines compiled:	    1628
			Compilation time (mm:ss.ss):  0:00.06
			Compilation speed (lines/minute): 28000

			Compilation date (yy/mm/dd): 23/12/05
			     Time of day (hh:mm:ss): 00:31:42