     5	     *CBL XOPTS(COBOL2)
    20	      IDENTIFICATION DIVISION.
    21	      PROGRAM-ID. UA002P.
    22
    23	      ENVIRONMENT DIVISION.
    24	      CONFIGURATION SECTION.
    25	      SOURCE-COMPUTER.	  IBM-PC.
    26	      OBJECT-COMPUTER.	  IBM-PC.
    27
    28	      DATA DIVISION.
    29	      WORKING-STORAGE SECTION.
    75        01  WS-CURRENT-MAP              PIC X(7)  VALUE 'UA002M'.
    76	      01  WS-TIME		      PIC 9(15) COMP-3.
    77	      01  WS-USERID		      PIC X(8).
    78	      01  WS-PRGNAME		      PIC X(6).
    79	      01  WS-LENGTH		      PIC S9(4) COMP.
    80	      01  WS-QNAME		      PIC X(8).
    81	      01  WS-RECB-LENGTH	      PIC S9(4) COMP VALUE +20.
    82	      01  WS-KEYB-LENGTH	      PIC S9(4) COMP VALUE +8.
    83	      01  WS-KEYB.
    84		  05 WS-KEYB7			PIC X(07) VALUE LOW-VALUES.
    85		  05 FILLER REDEFINES WS-KEYB7.
    86		     10 FILLER			PIC X(04).
    87		     10 WS-KEYB3		PIC 9(03).
    88		  05 WS-KEYB1			PIC X(01) VALUE HIGH-VALUES.
    89        01  WS-RECKEY                   VALUE 'ISCB101 '.
    90		  05 WS-USR2		      PIC X(04).
    91		  05 WS-KEY-NUM 	      PIC 9(03).
    92		  05 FILLER		      PIC X.
    93	      01  WS-SEARCH.
    94            05  WS-ISCB                 PIC X(4)  VALUE 'ISCB'.
    95		  05  WS-KEY2		      PIC 999.
    96		  05  FILLER		      PIC X	VALUE SPACES.
    97	      01  WS-INDX		      PIC 9(2)	VALUE 1.
    98	      01  WS-FIELDS.
    99		  05  WS-STD-KEY-LEN	PIC S9(4) COMP VALUE 8.
   100	      01  WS-REC.
   101		  05  WS-UID.
   102		      10 FILLER 	      PIC X(04).
   103		      10 WS-UID2	      PIC 9(03).
   104		      10 FILLER 	      PIC X.
   105		  05  WS-UID-REDEF REDEFINES WS-UID.
   106		      10  WS-USERID7	  PIC X(7).
   107		      10  FILLER	  PIC X(1).
   108		  05  WS-REQ		      PIC X.
   109		  05  WS-ADMN		      PIC X.
   110		  05  WS-APP		      PIC X.
   111		  05  WS-SP		      PIC X.
   112		  05  WS-UPBY		      PIC X(08).
   113	      01  WS-ERROR-COUNT	      PIC 9.
   114	      01  WS-COMMAREA.
   115			  05 WS-DFHSTATE PIC X(15).
   116	      01  WS-LITERALS.
   117		  05  WS-AFTER-ADD.
   118			  10 FILLER PIC X(21) VALUE
   119                            'USER ID CREATED,PRESS'.
   120				  10 FILLER PIC X(32) VALUE
   121                            ' ENTER TO CREATE ANOTHER USER ID'.
   122			  05  WS-INVALID-ACCESS PIC X(14) VALUE
   123                        'INVALID ACCESS'.   124			  05  WS-DUP-REC PIC X(47) VALUE
   125                       'DUPLICATE USER FOUND, PLEASE ENTER ANOTHER USER'.
   126			  05  WS-INITIAL PIC X(32) VALUE
   127               'ENTER USER DETAILS AND PRESS PF2'.
   128	      01  WS-SWITCHES.
   129		      05  WS-EMPTY		  PIC X.
   130			  05  WS-VALIDF 	      PIC X.
   131	     *
   132	      COPY UA002S.
   134	     * SYMBOLIC MAP of ua002s Created by CACXBMS Version 6.0.27
   135	      01  UA002MI.
   136		  02  FILLER				     PIC X(12).
   137		  02  DATEL				     PIC S9(4) COMP.
   138		  02  DATEF				     PIC X.
   139		  02  FILLER REDEFINES DATEF.
   140		      03  DATEA 			     PIC X.
   141		  02  DATEI				     PIC X(010).
   142		  02  TIMEL				     PIC S9(4) COMP.
   143		  02  TIMEF				     PIC X.
   144		  02  FILLER REDEFINES TIMEF.
   145		      03  TIMEA 			     PIC X.
   146		  02  TIMEI				     PIC X(008).
   147		  02  USERL				     PIC S9(4) COMP.
   148		  02  USERF				     PIC X.
   149		  02  FILLER REDEFINES USERF.
   150		      03  USERA 			     PIC X.
   151		  02  USERI				     PIC X(008).
   152		  02  REQUESTL				     PIC S9(4) COMP.
   153		  02  REQUESTF				     PIC X.
   154		  02  FILLER REDEFINES REQUESTF.
   155		      03  REQUESTA			     PIC X.
   156		  02  REQUESTI				     PIC X(001).
   157		  02  ADMINL				     PIC S9(4) COMP.
   158		  02  ADMINF				     PIC X.
   159		  02  FILLER REDEFINES ADMINF.
   160		      03  ADMINA			     PIC X.
   161		  02  ADMINI				     PIC X(001).
   162		  02  APPROVEL				     PIC S9(4) COMP.
   163		  02  APPROVEF				     PIC X.
   164		  02  FILLER REDEFINES APPROVEF.
   165		      03  APPROVEA			     PIC X.
   166		  02  APPROVEI				     PIC X(001).
   167		  02  SERVICEL				     PIC S9(4) COMP.
   168		  02  SERVICEF				     PIC X.
   169		  02  FILLER REDEFINES SERVICEF.
   170		      03  SERVICEA			     PIC X.
   171		  02  SERVICEI				     PIC X(001).
   172		  02  ERRMSGL				     PIC S9(4) COMP.
   173		  02  ERRMSGF				     PIC X.
   174		  02  FILLER REDEFINES ERRMSGF.
   175		      03  ERRMSGA			     PIC X.
   176		  02  ERRMSGI				     PIC X(071).
   177	      01  UA002MO REDEFINES UA002MI.
   178		  02  FILLER				     PIC X(12).
   179		  02  FILLER				     PIC XX.
   180		  02  FILLER				     PIC X.
   181		  02  DATEO				     PIC X(010).
   182		  02  FILLER				     PIC XX.
   183		  02  FILLER				     PIC X.
   184		  02  TIMEO				     PIC X(008).   185		  02  FILLER				     PIC XX.
   186		  02  FILLER				     PIC X.
   187		  02  USERO				     PIC X(008).
   188		  02  FILLER				     PIC XX.
   189		  02  FILLER				     PIC X.
   190		  02  REQUESTO				     PIC X(001).
   191		  02  FILLER				     PIC XX.
   192		  02  FILLER				     PIC X.
   193		  02  ADMINO				     PIC X(001).
   194		  02  FILLER				     PIC XX.
   195		  02  FILLER				     PIC X.
   196		  02  APPROVEO				     PIC X(001).
   197		  02  FILLER				     PIC XX.
   198		  02  FILLER				     PIC X.
   199		  02  SERVICEO				     PIC X(001).
   200		  02  FILLER				     PIC XX.
   201		  02  FILLER				     PIC X.
   202		  02  ERRMSGO				     PIC X(071).
   204	     *
   205	      COPY DFHAID.
   207	      01  DFHAID.
   208	     *
   209	     * CA-Realia CICS 6.0 Computer Associates International, Inc.
   210	     *
   211	     * Revision Information
   212	     * ^{File:dfhaid.cob  }
   213	     * ^{Timestamp:Thu May 15 14:02:52 1997}
   214	     * ^{Revision:2.0}
   215	     *
   216	     *This is the AID constants copy file
   217	     *
   218            05  DFHENTER                  PIC X VALUE ''''.
   219	     *					value APOST
   220            05  DFHCLEAR                  PIC X VALUE '_'.
   221            05  DFHPA1                    PIC X VALUE '%'.
   222            05  DFHPA2                    PIC X VALUE '>'.
   223            05  DFHPA3                    PIC X VALUE ','.
   224            05  DFHPF1                    PIC X VALUE '1'.
   225            05  DFHPF2                    PIC X VALUE '2'.
   226            05  DFHPF3                    PIC X VALUE '3'.
   227            05  DFHPF4                    PIC X VALUE '4'.
   228            05  DFHPF5                    PIC X VALUE '5'.
   229            05  DFHPF6                    PIC X VALUE '6'.
   230            05  DFHPF7                    PIC X VALUE '7'.
   231            05  DFHPF8                    PIC X VALUE '8'.
   232            05  DFHPF9                    PIC X VALUE '9'.
   233            05  DFHPF10                   PIC X VALUE ':'.
   234            05  DFHPF11                   PIC X VALUE '#'.
   235            05  DFHPF12                   PIC X VALUE '@'.
   236            05  DFHPF13                   PIC X VALUE 'A'.
   237            05  DFHPF14                   PIC X VALUE 'B'.
   238            05  DFHPF15                   PIC X VALUE 'C'.
   239            05  DFHPF16                   PIC X VALUE 'D'.
   240            05  DFHPF17                   PIC X VALUE 'E'.
   241            05  DFHPF18                   PIC X VALUE 'F'.
   242            05  DFHPF19                   PIC X VALUE 'G'.
   243            05  DFHPF20                   PIC X VALUE 'H'.
   244            05  DFHPF21                   PIC X VALUE 'I'.
   245            05  DFHPF22                   PIC X VALUE '›'.
   246       *                                  EBCDIC Cent sign x'4A'   247       *                                  ASCII  Cent sign x'9B'
   248            05  DFHPF23                   PIC X VALUE '.'.
   249            05  DFHPF24                   PIC X VALUE '<'.
   250            05  DFHOPID                   PIC X VALUE 'W'.
   251            05  DFHMSRE                   PIC X VALUE 'X'.
   252            05  DFHTRIG                   PIC X VALUE '"'.
   253       *                                        value QUOTE  "
   254            05  DFHPEN                    PIC X VALUE '='.
   255            05  DFHCLRP                   PIC X VALUE 'Ý'.
   256       *                                  EBCDIC x'6A'
   257       *                                  ASCII  x'DD'
   258            05  DFHSTRF                   PIC X VALUE 'h'.
   259	     *	  DFHQUIT is a CA-Realia CICS Extension
   260	     *	  It is set by using <Ctrl>+C or <Ctrl>+<Break> Keys
   261            05  DFHQUIT                   PIC X VALUE '!'.
   262		  05  DFHNULL			PIC X VALUE LOW-VALUE.
   264	     *
   265	      COPY DFHBMSCA.
   267	      01  DFHBMSCA.
   268	     *
   269	     * CA-Realia CICS 6.0 Computer Associates International, Inc.
   270	     *
   271	     * Revision Information
   272	     * ^{File:dfhbmsca.cob}
   273	     * ^{Timestamp:Tue Oct 08 15:34:54 1996}
   274	     * ^{Revision:2.0}
   275	     *
   276	     *	Note:This FILE is provided with most values as quoted literals
   277	     *	     so that the file can be used for both ASCII and EBCDIC
   278	     *	     programs
   279	     *
   280	     *	     The only exceptions are some 3270 Data Stream Orders
   281	     *	     They use different Hexadecimal values for ASCII and
   282	     *	     EBCDIC and they cannot be expressed as quoted literals
   283	     *	     as the values are <Line Feed>, <Tab>, <End of File> etc.
   284	     *	     characters in ASCII
   285	     *
   286	     *	     They have their values set up to default to the EBCDIC
   287	     *	     values.
   288	     *
   289	     *	     3270 orders are only needed for EXEC CICS SEND and RECEIVE
   290	     *	     and SEND TEXT with imbedded format orders.
   291	     *	     If you use these values in ASCII programs the values
   292	     *	     must be changed.
   293	     *
   294	     *	     An alternative is to use REPLACING to change the values.
   295	     *
   296	     *	  i.e. COPY DFHBMSCA replacing
   297	     *			    ==005== BY ==009==	*> DFHPT
   298	     *			    ==021== BY ==010==	*> DFHNL
   299	     *			    ==040== BY ==021==	*> DFHSA
   300	     *			    ==041== BY ==031==	*> DFHSFE
   301	     *			    ==044== BY ==023==	*> DFHMF
   302	     *			    ==060== BY ==020==	*> DFHRA
   303	     *			    ==063== BY ==026==. *> DFHSUB
   304	     *
   305	     ******************************************************************
   306	     *BMS and Terminal Control - Order & Attributes constants	      *
   307	     ******************************************************************
   308	     *   309	     *	  Field Attributes
   310	     *
   311            05  DFHBMASB                          PIC X VALUE '8'.
   312            05  DFHBMASF                          PIC X VALUE '1'.
   313            05  DFHBMASK                          PIC X VALUE '0'.
   314            05  DFHBMBRY                          PIC X VALUE 'H'.
   315            05  DFHBMDAR                          PIC X VALUE '<'.
   316            05  DFHBMFSE                          PIC X VALUE 'A'.
   317            05  DFHBMPRF                          PIC X VALUE '/'.
   318            05  DFHBMPRO                          PIC X VALUE '-'.
   319            05  DFHBMUNN                          PIC X VALUE '&'.
   320            05  DFHBMUNP                          PIC X VALUE ' '.
   321            05  DFHUNNUM                          PIC X VALUE 'J'.
   322	     *
   323	     *	  partially supported
   324	     *
   325            05  DFHUNNOD                          PIC X VALUE '('.
   326            05  DFHUNIMD                          PIC X VALUE 'I'.
   327            05  DFHUNINT                          PIC X VALUE 'R'.
   328            05  DFHUNNON                          PIC X VALUE '('.
   329            05  DFHPROTI                          PIC X VALUE 'Y'.
   330            05  DFHPROTN                          PIC X VALUE '%'.
   331	     *
   332	     *	  These values are additions to mainframe constants
   333	     *
   334            05  DFHBMS-ASK-DARK                   PIC X VALUE '@'.
   335            05  DFHBMS-ASK-BRY-FSET               PIC X VALUE '9'.
   336            05  DFHBMS-ASK-DAR-FSET               PIC X VALUE ''''.
   337	     *						      VALUE APOST
   338            05  DFHBMS-PRO-BRY-FSET               PIC X VALUE 'Z'.
   339            05  DFHBMS-PRO-DAR-FSET               PIC X VALUE '_'.
   340            05  DFHBMS-NUM-BRY                    PIC X VALUE 'Q'.
   341            05  DFHBMS-NUM-DAR                    PIC X VALUE '*'.
   342            05  DFHBMS-NUM-DAR-FSET               PIC X VALUE ')'.
   343	     *
   344	     *	  Field Flag values
   345		  05  DFHBMEOF-VAL VALUE 128		PIC S9(4) COMP-4.
   346		  05  FILLER REDEFINES DFHBMEOF-VAL.
   347		      10  FILLER			PIC X.
   348		      10  DFHBMEOF			PIC X.
   349       *                                          x'80'.
   350		  05  DFHBMCUR-VAL VALUE 002		PIC S9(4) COMP-4.
   351		  05  FILLER REDEFINES DFHBMCUR-VAL.
   352		      10  FILLER			PIC X.
   353		      10  DFHBMCUR			PIC X.
   354       *                                          x'02'.
   355		  05  DFHBMMEC-VAL VALUE 130		PIC S9(4) COMP-4.
   356		  05  FILLER REDEFINES DFHBMMEC-VAL.
   357		      10  FILLER			PIC X.
   358		      10  DFHBMMEC			PIC X.
   359       *                                          x'82'.
   360       *                                          x'02'.
   361		  05  DFHBMFLG-VAL  VALUE 0		PIC S9(4) COMP-4.
   362		      88  DFHERASE			VALUES 128 130.
   363       *                                          x'80' X'82'
   364		      88  DFHCURSR			VALUES 002 130.
   365       *                                          x'02' X'82'
   366		  05  FILLER REDEFINES DFHBMFLG-VAL.
   367		      10  FILLER			PIC X.
   368		      10  DFHBMFLG			PIC X.   369
   370		  05  DFHBMDUP-VAL VALUE 028		PIC S9(4) COMP-4.
   371		  05  FILLER REDEFINES DFHBMDUP-VAL.
   372		      10  FILLER			PIC X.
   373		      10  DFHBMDUP			PIC X.
   374       *                                              x'1C'
   375	     *
   376	     ******************************************************************
   377	     *	  supported 327X Extended Attributes
   378	     *
   379	     *	  Extended COLOR Attributes
   380	     *
   381            05  DFHDFCOL                          PIC X VALUE '0'.
   382            05  DFHBLUE                           PIC X VALUE '1'.
   383            05  DFHRED                            PIC X VALUE '2'.
   384            05  DFHPINK                           PIC X VALUE '3'.
   385            05  DFHGREEN                          PIC X VALUE '4'.
   386            05  DFHTURQ                           PIC X VALUE '5'.
   387            05  DFHYELLO                          PIC X VALUE '6'.
   388            05  DFHNEUTR                          PIC X VALUE '7'.
   389	     *
   390	     *	  Extended HILIGHT Attributes
   391	     *
   392            05  DFHDFHI                           PIC X VALUE '0'.
   393            05  DFHBLINK                          PIC X VALUE '1'.
   394            05  DFHREVRS                          PIC X VALUE '2'.
   395            05  DFHUNDLN                          PIC X VALUE '4'.
   396	     *
   397	     ******************************************************************
   398	     *	  supported 327X Data Stream Orders
   399	     *
   400		  05  DFHSBA-VAL VALUE 017		 PIC S9(4) COMP-4.
   401		  05  FILLER REDEFINES DFHSBA-VAL.
   402		      10  FILLER			PIC X.
   403		      10  DFHSBA			PIC X.
   404       *                                              x'11'
   405		  05  DFHEUA-VAL VALUE 018		PIC S9(4) COMP-4.
   406		  05  FILLER REDEFINES DFHEUA-VAL.
   407		      10  FILLER			PIC X.
   408		      10  DFHEUA			PIC X.
   409       *                                              x'12'
   410		  05  DFHIC-VAL VALUE 019		PIC S9(4) COMP-4.
   411		  05  FILLER REDEFINES DFHIC-VAL.
   412		      10  FILLER			PIC X.
   413		      10  DFHIC 			PIC X.
   414       *                                              X'13'.
   415		  05  DFHSF-VAL VALUE 029		PIC S9(4) COMP-4.
   416		  05  FILLER REDEFINES DFHSF-VAL.
   417		      10  FILLER			PIC X.
   418		      10  DFHSF 			PIC X.
   419       *                                              X'1D'.
   420		  05  DFHPT-VAL VALUE 005		PIC S9(4) COMP-4.
   421		      88 DFHPT-VAL-EBCDIC		VALUE 5.
   422		      88 DFHPT-VAL-ASCII		VALUE 9.
   423		  05  FILLER REDEFINES DFHPT-VAL.
   424		      10  FILLER			PIC X.
   425		      10  DFHPT 			PIC X.
   426       *                                              EBCDIC X'05'.
   427       *                                              ASCII  X'09'.
   428		  05  DFHRA-VAL VALUE 060		PIC S9(4) COMP-4.   429		      88 DFHRA-VAL-EBCDIC		VALUE 60.
   430		      88 DFHRA-VAL-ASCII		VALUE 20.
   431		  05  FILLER REDEFINES DFHRA-VAL.
   432		      10  FILLER			PIC X.
   433		      10  DFHRA 			PIC X.
   434       *                                              EBCDIC x'3C'
   435       *                                              ASCII  x'14'
   436		  05  DFHSFE-VAL VALUE 041		PIC S9(4) COMP-4.
   437		      88 DFHSFE-VAL-EBCDIC		VALUE 41.
   438		      88 DFHSFE-VAL-ASCII		VALUE 31.
   439		  05  FILLER REDEFINES DFHSFE-VAL.
   440		      10  FILLER			PIC X.
   441		      10  DFHSFE			PIC X.
   442       *                                              EBCDIC x'29'
   443       *                                              ASCII  x'1F'
   444		  05  DFHMF-VAL VALUE 044		PIC S9(4) COMP-4.
   445		      88 DFHMF-VAL-EBCDIC		VALUE 44.
   446		      88 DFHMF-VAL-ASCII		VALUE 23.
   447		  05  FILLER REDEFINES DFHMF-VAL.
   448		      10  FILLER			PIC X.
   449		      10  DFHMF 			PIC X.
   450       *                                              EBCDIC x'2C'
   451       *                                              ASCII  x'17'
   452	     *
   453	     ******************************************************************
   454	     *	  unsupported 327X Data Stream order codes
   455	     *
   456		  05  DFHSA-VAL VALUE 040		PIC S9(4) COMP-4.
   457		      88 DFHSA-VAL-EBCDIC		VALUE 40.
   458		      88 DFHSA-VAL-ASCII		VALUE 21.
   459		  05  FILLER REDEFINES DFHSA-VAL.
   460		      10  FILLER			PIC X.
   461		      10  DFHSA 			PIC X.
   462       *                                              EBCDIC x'28'
   463       *                                              ASCII  x'15'
   464		  05  DFHGE-VAL VALUE 008		PIC S9(4) COMP-4.
   465		  05  FILLER REDEFINES DFHGE-VAL.
   466		      10  FILLER			PIC X.
   467		      10  DFHGE 			PIC X.
   468       *                                              X'08'.
   469	     *
   470	     ******************************************************************
   471	     *	  SFE and MF supported attribute types
   472	     *
   473            05  DFHCOLOR                          PIC X VALUE 'ƒ'.
   474       *                                              EBCDIC x'42'
   475       *                                              ASCII  x'83'
   476            05  DFHHLT                            PIC X VALUE 'Ö'.
   477       *                                              EBCDIC x'41'
   478       *                                              ASCII  x'D6'
   479            05  DFH3270                           PIC X VALUE '{'.
   480	     *
   481	     *	  supported for SEND TEXT command and printer terminal
   482	     *
   483		  05  DFHBMPNL-VAL VALUE 021		PIC S9(4) COMP-4.
   484		      88 DFHBMPNL-VAL-EBCDIC		VALUE 21.
   485		      88 DFHBMPNL-VAL-ASCII		VALUE 10.
   486		  05  FILLER REDEFINES DFHBMPNL-VAL.
   487		      10  FILLER			PIC X.
   488		      10  DFHBMPNL			PIC X.   489       *                                              EBCDIC X'15'.
   490       *                                              ASCII  X'0A'.
   491	     *
   492	     ******************************************************************
   493	     *	  Printer terminal data stream only
   494	     *
   495		  05  DFHBMPFF-VAL VALUE 012		PIC S9(4) COMP-4.
   496		  05  FILLER REDEFINES DFHBMPFF-VAL.
   497		      10  FILLER			PIC X.
   498		      10  DFHBMPFF			PIC X.
   499       *                                              X'0C'.
   500		  05  DFHBMPCR-VAL VALUE 013		PIC S9(4) COMP-4.
   501		  05  FILLER REDEFINES DFHBMPCR-VAL.
   502		      10  FILLER			PIC X.
   503		      10  DFHBMPCR			PIC X.
   504       *                                              X'0D'.
   505		  05  DFHBMPEM-VAL VALUE 025		PIC S9(4) COMP-4.
   506		  05  FILLER REDEFINES DFHBMPEM-VAL.
   507		      10  FILLER			PIC X.
   508		      10  DFHBMPEM			PIC X.
   509       *                                              X'19'.
   510	     *
   511	     ******************************************************************
   512	     *	  unsupported Miscellaneous attributes and constants
   513	     *
   514		  05  DFHALL				PIC X VALUE LOW-VALUES.
   515            05  DFHBASE                           PIC X VALUE '0'.
   516		  05  DFHBMDET				PIC X VALUE LOW-VALUES.
   517		  05  DFHBMPSOSI-VAL VALUE 3599 	PIC S9(4) COMP-4.
   518		  05  FILLER REDEFINES DFHBMPSOSI-VAL.
   519		      10  DFHBMPSO			PIC X.
   520       *                                              X'0E'.
   521		      10  DFHBMPSI			PIC X.
   522       *                                              X'0F'.
   523		  05  DFHDFT VALUE HIGH-VALUES		PIC X.
   524            05  DFHERROR                          PIC X VALUE '¶'.
   525       *                                              EBCDIC X'1A'.
   526       *                                              ASCII  X'B6'.
   527            05  DFHFIL                            PIC X VALUE '4'.
   528            05  DFHMENT                           PIC X VALUE '2'.
   529            05  DFHMET                            PIC X VALUE '3'.
   530            05  DFHMFE                            PIC X VALUE '6'.
   531            05  DFHMFET                           PIC X VALUE '7'.
   532            05  DFHMFT                            PIC X VALUE '5'.
   533            05  DFHMT                             PIC X VALUE '1'.
   534            05  DFHOUTLN                          PIC X VALUE 'B'.
   535            05  DFHPS                             PIC X VALUE '„'.
   536       *                                              EBCDIC x'43'
   537       *                                              ASCII  x'84'
   538            05  DFHVAL                            PIC X VALUE 'A'.
   539	     *
   540		  05  DFHSUB-VAL   VALUE 063		PIC S9(4) COMP-4.
   541		      88 DFHSUB-VAL-EBCDIC		VALUE 63.
   542		      88 DFHSUB-VAL-ASCII		VALUE 26.
   543		  05  FILLER REDEFINES DFHSUB-VAL.
   544		      10  FILLER			PIC X.
   545		      10  DFHSUB			PIC X.
   546       *                                              EBCDIC X'3F'.
   547       *                                              ASCII  X'1A'.
   548	     *   549		  05  DFHFM-VAL    VALUE 030		PIC S9(4) COMP-4.
   550		  05  FILLER REDEFINES DFHFM-VAL.
   551		      10  FILLER			PIC X.
   552		      10  DFHFM 			PIC X.
   553       *                                              EBCDIC X'1E'.
   554		  05  DFHEO VALUE HIGH-VALUE		PIC X.
   556
   557	      LINKAGE SECTION.
   559	      01  DFHEIBLK.						       R
   560		  05 EIBTIME  PIC S9(7) COMP-3. 			       R
   561		  05 EIBDATE  PIC S9(7) COMP-3. 			       R
   562		  05 EIBTRNID PIC X(4). 				       R
   563		  05 EIBTASKN PIC S9(7) COMP-3. 			       R
   564		  05 EIBTRMID PIC X(4). 				       R
   565		  05 DFHEIGDI PIC S9(4) COMP-4. 			       R
   566		  05 EIBCPOSN PIC S9(4) COMP-4. 			       R
   567		  05 EIBCALEN PIC S9(4) COMP-4. 			       R
   568		  05 EIBAID   PIC X.					       R
   569		  05 EIBFN    PIC X(2). 				       R
   570		  05 EIBRCODE PIC X(6). 				       R
   571		  05 EIBDS    PIC X(8). 				       R
   572		  05 EIBREQID PIC X(8). 				       R
   573		  05 EIBRSRCE PIC X(8). 				       R
   574		  05 EIBSYNC  PIC X.					       R
   575		  05 EIBFREE  PIC X.					       R
   576		  05 EIBRECV  PIC X.					       R
   577		  05 EIBSEND  PIC X.					       R
   578		  05 EIBATT   PIC X.					       R
   579		  05 EIBEOC   PIC X.					       R
   580		  05 EIBFMH   PIC X.					       R
   581		  05 EIBCOMPL PIC X.					       R
   582		  05 EIBSIG   PIC X.					       R
   583		  05 EIBCONF  PIC X.					       R
   584		  05 EIBERR   PIC X.					       R
   585		  05 EIBERRCD PIC X(4). 				       R
   586		  05 EIBSYNRB PIC X.					       R
   587		  05 EIBNODAT PIC X.					       R
   588		  05 EIBRESP  PIC S9(8) COMP-4. 			       R
   589		  05 EIBRESP2 PIC S9(8) COMP-4. 			       R
   590		  05 EIBRLDBK PIC X.					       R
   591		  05 EIBCARESERVED PIC X(32).				       R
   593	       01  DFHCOMMAREA.
   594		 05 DF-SAMPLE PIC X(15).
   595	     *
   596	      PROCEDURE DIVISION					       R
   598		  USING DFHEIBLK DFHCOMMAREA.				       R
   623	      100-PROCESS SECTION.
   624		  MOVE DFHCOMMAREA TO WS-COMMAREA
   625
   626		  STRING EIBTRMID DELIMITED BY SIZE
   627			 EIBTRNID DELIMITED BY SIZE
   628			 INTO WS-QNAME
   629		  MOVE LENGTH OF UA002MI TO WS-LENGTH
   631		  EXEC CICS
   632		    IGNORE CONDITION ERROR
   633		  END-EXEC
   648
   649            IF DF-SAMPLE = 'INITIAL'
   650		      PERFORM 110-CHECKUSER
   651                MOVE 'DATA ENTRY' TO WS-DFHSTATE   652                            move ' ' to df-sample
   653		      PERFORM 100-NEW-MAP
   654
   655		  ELSE
   657		       EXEC CICS
   658                      RECEIVE MAP ('UA002M')
   659                      MAPSET ('UA002S')
   660			    INTO (UA002MI)
   661			END-EXEC
   695		       IF  NOT EIBRESP = DFHRESP(MAPFAIL)
   697		       IF  NOT EIBRESP =	 036			       R
   698			   EVALUATE WS-DFHSTATE
   699                                         WHEN 'DATA ENTRY'
   700						PERFORM 200-WHEN-DATA-ENTRY
   701                                         WHEN 'READY TO ADD'
   702						PERFORM 710-PROTECT-FIELDS
   703						PERFORM 210-WHEN-READY-TO-ADD
   704                                         WHEN 'AFTER ADD'
   705						PERFORM 710-PROTECT-FIELDS
   706						PERFORM 220-WHEN-AFTER-ADD
   707					       END-EVALUATE
   708		      ELSE
   709			  PERFORM 100-NEW-MAP
   710		      END-IF
   711		  END-IF.
   712
   713
   714	      100-NEW-MAP SECTION.
   716		  EXEC CICS ASSIGN
   717		      USERID(WS-USERID)
   718		  END-EXEC
   736
   738		  EXEC CICS ASKTIME
   739		      ABSTIME  (WS-TIME)
   740		  END-EXEC
   758
   760		  EXEC CICS FORMATTIME
   761		      ABSTIME  (WS-TIME)
   762                DATESEP  ('/')
   763		      DDMMYYYY	 (DATEO)
   764                TIMESEP    (':')
   765		      TIME	 (TIMEO)
   766		  END-EXEC
   806
   808		  EXEC CICS
   809                SEND MAP ('UA002M')
   810                MAPSET ('UA002S')
   811		      FROM (UA002MO)
   812		      LENGTH(WS-LENGTH)
   813		      ERASE
   814		  END-EXEC
   856
   858		  EXEC CICS RETURN
   859                TRANSID('UA02')
   860		      COMMAREA(WS-COMMAREA)
   861		  END-EXEC.
   886
   887	      110-CHECKUSER SECTION.
   889		  EXEC CICS ASSIGN
   890		      USERID(WS-USERID)   891		  END-EXEC
   910			  EXEC CICS
   911                 READ FILE('uaf00001')
   912		       INTO (WS-REC)
   913		       RIDFLD (WS-USERID)
   914		       KEYLENGTH (WS-STD-KEY-LEN)
   915		       EQUAL
   916		  END-EXEC
   954
   955                    IF WS-ADMN = 'N'
   957			     EXEC CICS SEND TEXT
   958			   FROM (WS-INVALID-ACCESS)
   959			   LENGTH (+15)
   960			   ERASE
   961		      END-EXEC
   992		      EXEC CICS RETURN
   993		      END-EXEC
  1006			  END-IF.
  1007
  1008	      200-WHEN-DATA-ENTRY SECTION.
  1009		  EVALUATE EIBAID
  1010			   WHEN DFHENTER
  1011				 PERFORM 700-VALIDATE-FIELD
  1012                           MOVE 'PRESS PF2 TO ADD USER'
  1013				 TO ERRMSGO
  1014			   WHEN DFHPF2
  1015				 PERFORM 700-VALIDATE-FIELD
  1016                           MOVE 'PRESS PF2 TO CONFIRM ADD'
  1017				 TO ERRMSGO
  1018			       WHEN DFHPF3
  1020				 EXEC CICS RETURN
  1021                            TRANSID('UA01')
  1022				 END-EXEC
  1041			       WHEN DFHPF5
  1042				 PERFORM 720-RESET-FIELDS
  1043			       WHEN OTHER
  1044               MOVE 'INVALID PFKEY PRESSED' TO ERRMSGO
  1045		  END-EVALUATE.
  1046
  1047	      210-WHEN-READY-TO-ADD SECTION.
  1048		  EVALUATE EIBAID
  1049			   WHEN DFHENTER
  1050				 PERFORM 700-VALIDATE-FIELD
  1051			   WHEN DFHPF2
  1052				 PERFORM 800-WRITE-TOFILE
  1053			       WHEN DFHPF3
  1055				 EXEC CICS RETURN
  1056                            TRANSID('UA01')
  1057				 END-EXEC
  1076			       WHEN DFHPF5
  1077				 PERFORM 720-RESET-FIELDS
  1078			       WHEN OTHER
  1079               MOVE 'INVALID PFKEY PRESSED' TO ERRMSGO
  1080		  END-EVALUATE.
  1081
  1082	      220-WHEN-AFTER-ADD SECTION.
  1083		      EVALUATE EIBAID
  1084			   WHEN DFHENTER
  1085				 PERFORM 720-RESET-FIELDS
  1086		     MOVE WS-INITIAL TO ERRMSGO  1087			     PERFORM 100-NEW-MAP
  1088			       WHEN DFHPF3
  1090				 EXEC CICS RETURN
  1091                            TRANSID('UA01')
  1092				 END-EXEC
  1111			       WHEN OTHER
  1112               MOVE 'INVALID PFKEY PRESSED' TO ERRMSGO
  1113		  END-EVALUATE.
  1114
  1115	      700-VALIDATE-FIELD SECTION.
  1116		  MOVE 0 TO WS-ERROR-COUNT
  1117
  1118                    IF SERVICEI = ' ' OR SERVICEI = '_'
  1119			      MOVE DFHBMBRY TO SERVICEA
  1120                            MOVE 'SERVICE PROVIDER IS REQUIRED'
  1121					TO ERRMSGO
  1122		      ADD 1 TO WS-ERROR-COUNT
  1123				  MOVE -1 TO SERVICEL
  1124			  END-IF
  1125
  1126                    IF SERVICEI NOT = 'N' AND SERVICEI NOT = 'Y'
  1127			      MOVE DFHBMBRY TO SERVICEA
  1128                            MOVE 'SERVICE INVALID VALUE'
  1129					TO ERRMSGO
  1130		      ADD 1 TO WS-ERROR-COUNT
  1131				  MOVE -1 TO SERVICEL
  1132			  END-IF
  1133
  1134                    IF APPROVEI = ' ' OR APPROVEI = '_'
  1135			      MOVE DFHBMBRY TO APPROVEA
  1136                            MOVE 'APPROVER IS REQUIRED' TO ERRMSGO
  1137		      ADD 1 TO WS-ERROR-COUNT
  1138				  MOVE -1 TO APPROVEL
  1139			  END-IF
  1140
  1141                    IF APPROVEI NOT = 'N' AND APPROVEI NOT = 'Y'
  1142			      MOVE DFHBMBRY TO APPROVEA
  1143                            MOVE 'APPROVER INVALID VALUE' TO ERRMSGO
  1144		      ADD 1 TO WS-ERROR-COUNT
  1145				  MOVE -1 TO APPROVEL
  1146			  END-IF
  1147
  1148                    IF ADMINI = ' ' OR ADMINI = '_'
  1149			      MOVE DFHBMBRY TO ADMINA
  1150                            MOVE 'ADMIN IS REQUIRED' TO ERRMSGO
  1151		      ADD 1 TO WS-ERROR-COUNT
  1152				  MOVE -1 TO ADMINL
  1153			  END-IF
  1154
  1155                    IF ADMINI NOT = 'N' AND ADMINI NOT = 'Y'
  1156			      MOVE DFHBMBRY TO ADMINA
  1157                            MOVE 'ADMIN INVALID VALUE' TO ERRMSGO
  1158		      ADD 1 TO WS-ERROR-COUNT
  1159				  MOVE -1 TO ADMINL
  1160			  END-IF
  1161
  1162                    IF REQUESTI = ' ' OR REQUESTI = '_'
  1163			      MOVE DFHBMBRY TO REQUESTA
  1164                            MOVE 'REQUESTOR IS REQUIRED' TO ERRMSGO
  1165		      ADD 1 TO WS-ERROR-COUNT  1166				  MOVE -1 TO REQUESTL
  1167			  END-IF
  1168
  1169                    IF REQUESTI NOT = 'N' AND REQUESTI NOT = 'Y'
  1170			      MOVE DFHBMBRY TO REQUESTA
  1171                            MOVE 'REQUESTOR INVALID VALUE' TO ERRMSGO
  1172		      ADD 1 TO WS-ERROR-COUNT
  1173				  MOVE -1 TO REQUESTL
  1174			  END-IF
  1175
  1176                    IF USERI = 'XXXXXXXX'
  1177			      MOVE DFHBMBRY TO USERA
  1178                            MOVE 'USER IS REQUIRED' TO ERRMSGO
  1179		      ADD 1 TO WS-ERROR-COUNT
  1180			  END-IF
  1182			  EXEC CICS
  1183                 READ FILE('uaf00001')
  1184		       INTO (WS-REC)
  1185		       RIDFLD (USERI)
  1186		       KEYLENGTH (WS-STD-KEY-LEN)
  1187		       EQUAL
  1188		  END-EXEC
  1227			  IF EIBRESP NOT = DFHRESP(NOTFND)
  1229			  IF EIBRESP NOT =	   013			       R
  1230			     MOVE WS-DUP-REC TO ERRMSGO
  1231				 MOVE DFHBMBRY TO USERA
  1232				 ADD 1 TO WS-ERROR-COUNT
  1233			  END-IF
  1234
  1235		  IF WS-ERROR-COUNT = 0
  1236                       MOVE 'READY TO ADD' TO WS-DFHSTATE
  1237				 PERFORM 710-PROTECT-FIELDS
  1238			  ELSE
  1239			     PERFORM 100-NEW-MAP
  1240		  END-IF
  1241			  .
  1242	      710-PROTECT-FIELDS SECTION.
  1243		  MOVE DFHBMPRF TO USERA
  1244		  MOVE DFHBMPRF TO REQUESTA
  1245		  MOVE DFHBMPRF TO ADMINA
  1246		  MOVE DFHBMPRF TO APPROVEA
  1247		  MOVE DFHBMPRF TO SERVICEA.
  1248
  1249	      720-RESET-FIELDS SECTION.
  1250
  1251			  MOVE DFHBMUNP TO USERA
  1252			  MOVE DFHBMUNP TO REQUESTA
  1253			  MOVE DFHBMUNP TO APPROVEA
  1254			  MOVE DFHBMUNP TO ADMINA
  1255			  MOVE DFHBMUNP TO SERVICEA
  1256
  1257                    MOVE 'DATA ENTRY' TO WS-DFHSTATE.
  1258
  1259	      800-WRITE-TOFILE SECTION.
  1260
  1261 * VALIDATE FIRST THEN WRITE INTO FILE
  1262
  1263			  MOVE USERI TO WS-UID
  1264			  MOVE REQUESTI TO WS-REQ
  1265			  MOVE ADMINI TO WS-ADMN  1266			  MOVE APPROVEI TO WS-APP
  1267			  MOVE SERVICEI TO WS-SP
  1268
  1270		      EXEC CICS ASSIGN
  1271		      USERID(WS-UPBY)
  1272		  END-EXEC
  1290
  1291			  MOVE WS-REC TO ERRMSGO
  1292
  1294			  EXEC CICS
  1295                WRITE FILE ('UAF00001')
  1296		      FROM (WS-REC)
  1297		      RIDFLD (WS-UID)
  1298		  END-EXEC
  1327
  1328			  MOVE WS-AFTER-ADD TO ERRMSGO
  1329                    MOVE 'AFTER ADD' TO WS-DFHSTATE.
  1330
  1331
  1332CA-Realia COBOL Version 6.0.45	 C:\handson-cics\CAWB30\ua002p.cic     PAGE   15



			Realia COBOL Compiler Version Information

			      Pass 1	 Version 6.072
			      Pass 1a	 Version 6.015
			      Pass 2	 Version 6.068
			      Pass 2a	 Version 6.020
			      Pass 3	 Version 6.094
			      Pass 4	 Version 6.007
			      Pass 5	 Version 6.022


			Compilation Directives in Effect

COMP-4		  DCHK		    OPT 	      NOCALL
NOSUBCHK	  STRCHK	    NOTRUNC	      NOSMALLCOMP
NODCALL 	  NODIVZERO	    NOEPDCALL	      APOST
EBCDIC		  STATABORT	    NOMOVELINK	      NOBLL4K
ARGCHK		  UPLOW 	    NOVERARG	      MDY
LP:   60	  PP		    FCREATE	      NOIEEE
NOLILIAN	  CURRENCY-SIGN=$   WRITEAFTER	      SOSI
NOCOPY68	  NOFLAG-COM	    NOFLAG-SEG	      NOFLAG-FIPS
DEBUGXREF	  DIALECT-VS2

			Error level limit: W

			Source lines compiled:	    1343
			Compilation time (mm:ss.ss):  0:00.08
			Compilation speed (lines/minute):  7250

			Compilation date (yy/mm/dd): 23/12/05
			     Time of day (hh:mm:ss): 00:31:41