     5	     *	CBL XOPTS(COBOL2)
    20	      IDENTIFICATION DIVISION.
    21	      PROGRAM-ID. SM006.
    22
    23	      ENVIRONMENT DIVISION.
    24	      CONFIGURATION SECTION.
    25	      SOURCE-COMPUTER.	  IBM-PC.
    26	      OBJECT-COMPUTER.	  IBM-PC.
    27	      DATA DIVISION.
    28	      WORKING-STORAGE SECTION.
    74	      01  WS-TIME			  PIC 9(15) COMP-3.
    75	      01  WS-DATE				PIC 9(7).
    76	      01  WS-DATE-X REDEFINES WS-DATE		PIC X(7).
    77	      01  WS-LENGTH				PIC S9(4) COMP.
    78	      01  WS-INDEX				PIC 9 VALUE 1.
    79	      01  WS-TIX-ENTRY-STATE			PIC X.
    80	      01  WS-USERID.
    81		  05  USERID3				PIC X(7).
    82		  05  FILLER				PIC X.
    83	      01  WS-TIXID				PIC X(6).
    84	      01  WS-RESPONSE-CODE    PIC S9(8) COMP.
    85	      01  WS-LOGID.
    86		  05  LOGID2				PIC X(6).
    87		  05  FILLER				PIC X.
    88	      01  WS-LOG.
    89		  05  LOG-TIX-ID.
    90		      10  LOG-TIX-ID1			PIC X(6).
    91		      10  LOG-SEQ-NUM			PIC 9(3).
    92		  05  LOG-LAST-UPDATE.
    93		      10  LOG-LAST-UPDATE-DATE		PIC X(10).
    94		      10  LOG-LAST-UPDATE-TIME		PIC X(10).
    95		  05  LOG-UPDATED-BY.
    96		      10  LOG-UPDBY2			PIC X(7).
    97		      10  FILLER			PIC X.
    98		  05  LOG-LAST-UPDATE-REM		PIC X(50).
    99		  05  FILLER				PIC X(02).
   100	      01  WS-LOG-PH				PIC X(9).
   101	      01  WS-LOG-PH2 REDEFINES WS-LOG-PH.
   102		  05  WS-LOG-ID 			PIC 9(6).
   103		  05  WS-LOG-SEQ			PIC 9(3).
   104	      01  WS-END				PIC X(15) VALUE
   105            'END PROCESSING'.
   106	      01  WS-INVKEY				PIC X(21) VALUE
   107            'INVALID PFKEY PRESSED'.
   108	      01  WS-INVALID			  PIC X(14) VALUE
   109            'INVALID ACCESS'.
   110	      01  WS-INVALID-TICKET			  PIC X(28) VALUE
   111            'TICKET NUMBER DOES NOT EXIST'.
   112	      01  WS-INVALID-USER			  PIC X(24) VALUE
   113            'INVALID ACCESS TO TICKET'.
   114	      01  WS-COMMAREA.
   115		  05  WS-USER-REC.
   116		      10  USERID.
   117			  15  USERID1			    PIC X(7).
   118			  15  FILLER			    PIC X.
   119		      10  REQUESTOR			    PIC X.
   120		      10  ADMINISTRATOR 		    PIC X.
   121		      10  APPROVER			    PIC X.
   122		      10  SERVICE-PROVIDER		    PIC X.
   123		      10  UPDATED-BY1.   124			  15  UPDBY1			    PIC X(7).
   125			  15  FILLER			    PIC X.
   126		  05  WS-TIX-REC.
   127		      10  TIX-ID			    PIC X(06).
   128		      10  TIX-REQUESTOR 		    PIC X(08).
   129		      10  TIX-STATUS			    PIC X(10).
   130		      10  TIX-TITLE			    PIC X(25).
   131		      10  TIX-DESC			    PIC X(100).
   132		      10  TIX-DESC-RED REDEFINES TIX-DESC.
   133			  15  TIX-DESC1 		    PIC X(50).
   134			  15  TIX-DESC2 		    PIC X(50).
   135		      10  LAST-UPDATE			    PIC X(20).
   136		      10  LAST-UPDATE-RED REDEFINES LAST-UPDATE.
   137			  15  LAST-UPDATE-DATE		    PIC X(11).
   138			  15  LAST-UPDATE-TIME		    PIC X(09).
   139		      10  UPDATED-BY2.
   140			  15  UPDBY2			    PIC X(7).
   141			  15  FILLER			    PIC X.
   142		      10  LAST-UPDATE-REM		    PIC X(50).
   143		      10  LAST-UPDATE-REMW REDEFINES LAST-UPDATE-REM.
   144			  15  LAST-UPDATE-REM1		    PIC X(25).
   145			  15  LAST-UPDATE-REM2		    PIC X(25).
   146		  05  WS-PROG-STATE			 PIC 9(1).
   147            05  WS-INIT                            PIC X VALUE 'Y'.
   148		  05  WS-CA-PRGNAME	      PIC X(06).
   149		  05  FILLER		      PIC X(19).
   150		  05  WS-DFHSTATE	      PIC X(15).
   151		  05  WS-TRANS		      PIC X(04).
   152		  05  WS-LUSER		      PIC 9(03).
   153		  05  WS-FUSER		      PIC 9(03).
   154		  05  WS-PAGE		      PIC 9(02).
   155		  05  WS-PAGE-END	      PIC 9(01).
   156		  05  WS-QITEM		      PIC S9(4) COMP.
   157		  05  WS-QITEM-START	      PIC S9(4) COMP.
   158		  05  WS-QITEM-END	      PIC S9(4) COMP.
   159		  05  WS-QITEM-PAGE	      PIC S9(4) COMP.
   160		  05  WS-USERID1			 PIC X(7).
   161		  05  WS-TICKET-NUM.
   162		      10  WS-TICKET-NUM1		 PIC X(6).
   163		      10  FILLER			 PIC X.
   164
   165	     *
   166		  COPY SM006S.
   168	     * SYMBOLIC MAP of sm006s Created by CACXBMS Version 6.0.27
   169	      01  SM006MI.
   170		  02  FILLER				     PIC X(12).
   171		  02  PF2L				     PIC S9(4) COMP.
   172		  02  PF2F				     PIC X.
   173		  02  FILLER REDEFINES PF2F.
   174		      03  PF2A				     PIC X.
   175		  02  PF2I				     PIC X(012).
   176		  02  PF5L				     PIC S9(4) COMP.
   177		  02  PF5F				     PIC X.
   178		  02  FILLER REDEFINES PF5F.
   179		      03  PF5A				     PIC X.
   180		  02  PF5I				     PIC X(011).
   181		  02  DATE1L				     PIC S9(4) COMP.
   182		  02  DATE1F				     PIC X.
   183		  02  FILLER REDEFINES DATE1F.
   184		      03  DATE1A			     PIC X.   185		  02  DATE1I				     PIC X(010).
   186		  02  TIME1L				     PIC S9(4) COMP.
   187		  02  TIME1F				     PIC X.
   188		  02  FILLER REDEFINES TIME1F.
   189		      03  TIME1A			     PIC X.
   190		  02  TIME1I				     PIC X(008).
   191		  02  TIXNOL				     PIC S9(4) COMP.
   192		  02  TIXNOF				     PIC X.
   193		  02  FILLER REDEFINES TIXNOF.
   194		      03  TIXNOA			     PIC X.
   195		  02  TIXNOI				     PIC X(006).
   196		  02  REQBYL				     PIC S9(4) COMP.
   197		  02  REQBYF				     PIC X.
   198		  02  FILLER REDEFINES REQBYF.
   199		      03  REQBYA			     PIC X.
   200		  02  REQBYI				     PIC X(007).
   201		  02  TITLEL				     PIC S9(4) COMP.
   202		  02  TITLEF				     PIC X.
   203		  02  FILLER REDEFINES TITLEF.
   204		      03  TITLEA			     PIC X.
   205		  02  TITLEI				     PIC X(025).
   206		  02  DESC1L				     PIC S9(4) COMP.
   207		  02  DESC1F				     PIC X.
   208		  02  FILLER REDEFINES DESC1F.
   209		      03  DESC1A			     PIC X.
   210		  02  DESC1I				     PIC X(040).
   211		  02  DESC2L				     PIC S9(4) COMP.
   212		  02  DESC2F				     PIC X.
   213		  02  FILLER REDEFINES DESC2F.
   214		      03  DESC2A			     PIC X.
   215		  02  DESC2I				     PIC X(040).
   216		  02  STATL				     PIC S9(4) COMP.
   217		  02  STATF				     PIC X.
   218		  02  FILLER REDEFINES STATF.
   219		      03  STATA 			     PIC X.
   220		  02  STATI				     PIC X(010).
   221		  02  UPDBYL				     PIC S9(4) COMP.
   222		  02  UPDBYF				     PIC X.
   223		  02  FILLER REDEFINES UPDBYF.
   224		      03  UPDBYA			     PIC X.
   225		  02  UPDBYI				     PIC X(008).
   226		  02  REM1L				     PIC S9(4) COMP.
   227		  02  REM1F				     PIC X.
   228		  02  FILLER REDEFINES REM1F.
   229		      03  REM1A 			     PIC X.
   230		  02  REM1I				     PIC X(025).
   231		  02  REM2L				     PIC S9(4) COMP.
   232		  02  REM2F				     PIC X.
   233		  02  FILLER REDEFINES REM2F.
   234		      03  REM2A 			     PIC X.
   235		  02  REM2I				     PIC X(025).
   236		  02  DATE2L				     PIC S9(4) COMP.
   237		  02  DATE2F				     PIC X.
   238		  02  FILLER REDEFINES DATE2F.
   239		      03  DATE2A			     PIC X.
   240		  02  DATE2I				     PIC X(010).
   241		  02  TIME2L				     PIC S9(4) COMP.
   242		  02  TIME2F				     PIC X.
   243		  02  FILLER REDEFINES TIME2F.
   244		      03  TIME2A			     PIC X.   245		  02  TIME2I				     PIC X(010).
   246		  02  ERRMSGL				     PIC S9(4) COMP.
   247		  02  ERRMSGF				     PIC X.
   248		  02  FILLER REDEFINES ERRMSGF.
   249		      03  ERRMSGA			     PIC X.
   250		  02  ERRMSGI				     PIC X(071).
   251	      01  SM006MO REDEFINES SM006MI.
   252		  02  FILLER				     PIC X(12).
   253		  02  FILLER				     PIC XX.
   254		  02  FILLER				     PIC X.
   255		  02  PF2O				     PIC X(012).
   256		  02  FILLER				     PIC XX.
   257		  02  FILLER				     PIC X.
   258		  02  PF5O				     PIC X(011).
   259		  02  FILLER				     PIC XX.
   260		  02  FILLER				     PIC X.
   261		  02  DATE1O				     PIC X(010).
   262		  02  FILLER				     PIC XX.
   263		  02  FILLER				     PIC X.
   264		  02  TIME1O				     PIC X(008).
   265		  02  FILLER				     PIC XX.
   266		  02  FILLER				     PIC X.
   267		  02  TIXNOO				     PIC X(006).
   268		  02  FILLER				     PIC XX.
   269		  02  FILLER				     PIC X.
   270		  02  REQBYO				     PIC X(007).
   271		  02  FILLER				     PIC XX.
   272		  02  FILLER				     PIC X.
   273		  02  TITLEO				     PIC X(025).
   274		  02  FILLER				     PIC XX.
   275		  02  FILLER				     PIC X.
   276		  02  DESC1O				     PIC X(040).
   277		  02  FILLER				     PIC XX.
   278		  02  FILLER				     PIC X.
   279		  02  DESC2O				     PIC X(040).
   280		  02  FILLER				     PIC XX.
   281		  02  FILLER				     PIC X.
   282		  02  STATO				     PIC X(010).
   283		  02  FILLER				     PIC XX.
   284		  02  FILLER				     PIC X.
   285		  02  UPDBYO				     PIC X(008).
   286		  02  FILLER				     PIC XX.
   287		  02  FILLER				     PIC X.
   288		  02  REM1O				     PIC X(025).
   289		  02  FILLER				     PIC XX.
   290		  02  FILLER				     PIC X.
   291		  02  REM2O				     PIC X(025).
   292		  02  FILLER				     PIC XX.
   293		  02  FILLER				     PIC X.
   294		  02  DATE2O				     PIC X(010).
   295		  02  FILLER				     PIC XX.
   296		  02  FILLER				     PIC X.
   297		  02  TIME2O				     PIC X(010).
   298		  02  FILLER				     PIC XX.
   299		  02  FILLER				     PIC X.
   300		  02  ERRMSGO				     PIC X(071).
   302	     *
   303		  COPY DFHAID.
   305	      01  DFHAID.
   306	     *   307	     * CA-Realia CICS 6.0 Computer Associates International, Inc.
   308	     *
   309	     * Revision Information
   310	     * ^{File:dfhaid.cob  }
   311	     * ^{Timestamp:Thu May 15 14:02:52 1997}
   312	     * ^{Revision:2.0}
   313	     *
   314	     *This is the AID constants copy file
   315	     *
   316            05  DFHENTER                  PIC X VALUE ''''.
   317	     *					value APOST
   318            05  DFHCLEAR                  PIC X VALUE '_'.
   319            05  DFHPA1                    PIC X VALUE '%'.
   320            05  DFHPA2                    PIC X VALUE '>'.
   321            05  DFHPA3                    PIC X VALUE ','.
   322            05  DFHPF1                    PIC X VALUE '1'.
   323            05  DFHPF2                    PIC X VALUE '2'.
   324            05  DFHPF3                    PIC X VALUE '3'.
   325            05  DFHPF4                    PIC X VALUE '4'.
   326            05  DFHPF5                    PIC X VALUE '5'.
   327            05  DFHPF6                    PIC X VALUE '6'.
   328            05  DFHPF7                    PIC X VALUE '7'.
   329            05  DFHPF8                    PIC X VALUE '8'.
   330            05  DFHPF9                    PIC X VALUE '9'.
   331            05  DFHPF10                   PIC X VALUE ':'.
   332            05  DFHPF11                   PIC X VALUE '#'.
   333            05  DFHPF12                   PIC X VALUE '@'.
   334            05  DFHPF13                   PIC X VALUE 'A'.
   335            05  DFHPF14                   PIC X VALUE 'B'.
   336            05  DFHPF15                   PIC X VALUE 'C'.
   337            05  DFHPF16                   PIC X VALUE 'D'.
   338            05  DFHPF17                   PIC X VALUE 'E'.
   339            05  DFHPF18                   PIC X VALUE 'F'.
   340            05  DFHPF19                   PIC X VALUE 'G'.
   341            05  DFHPF20                   PIC X VALUE 'H'.
   342            05  DFHPF21                   PIC X VALUE 'I'.
   343            05  DFHPF22                   PIC X VALUE '›'.
   344       *                                  EBCDIC Cent sign x'4A'
   345       *                                  ASCII  Cent sign x'9B'
   346            05  DFHPF23                   PIC X VALUE '.'.
   347            05  DFHPF24                   PIC X VALUE '<'.
   348            05  DFHOPID                   PIC X VALUE 'W'.
   349            05  DFHMSRE                   PIC X VALUE 'X'.
   350            05  DFHTRIG                   PIC X VALUE '"'.
   351       *                                        value QUOTE  "
   352            05  DFHPEN                    PIC X VALUE '='.
   353            05  DFHCLRP                   PIC X VALUE 'Ý'.
   354       *                                  EBCDIC x'6A'
   355       *                                  ASCII  x'DD'
   356            05  DFHSTRF                   PIC X VALUE 'h'.
   357	     *	  DFHQUIT is a CA-Realia CICS Extension
   358	     *	  It is set by using <Ctrl>+C or <Ctrl>+<Break> Keys
   359            05  DFHQUIT                   PIC X VALUE '!'.
   360		  05  DFHNULL			PIC X VALUE LOW-VALUE.
   362	     *
   363	      COPY DFHBMSCA.
   365	      01  DFHBMSCA.
   366	     *
   367	     * CA-Realia CICS 6.0 Computer Associates International, Inc.
   368	     *   369	     * Revision Information
   370	     * ^{File:dfhbmsca.cob}
   371	     * ^{Timestamp:Tue Oct 08 15:34:54 1996}
   372	     * ^{Revision:2.0}
   373	     *
   374	     *	Note:This FILE is provided with most values as quoted literals
   375	     *	     so that the file can be used for both ASCII and EBCDIC
   376	     *	     programs
   377	     *
   378	     *	     The only exceptions are some 3270 Data Stream Orders
   379	     *	     They use different Hexadecimal values for ASCII and
   380	     *	     EBCDIC and they cannot be expressed as quoted literals
   381	     *	     as the values are <Line Feed>, <Tab>, <End of File> etc.
   382	     *	     characters in ASCII
   383	     *
   384	     *	     They have their values set up to default to the EBCDIC
   385	     *	     values.
   386	     *
   387	     *	     3270 orders are only needed for EXEC CICS SEND and RECEIVE
   388	     *	     and SEND TEXT with imbedded format orders.
   389	     *	     If you use these values in ASCII programs the values
   390	     *	     must be changed.
   391	     *
   392	     *	     An alternative is to use REPLACING to change the values.
   393	     *
   394	     *	  i.e. COPY DFHBMSCA replacing
   395	     *			    ==005== BY ==009==	*> DFHPT
   396	     *			    ==021== BY ==010==	*> DFHNL
   397	     *			    ==040== BY ==021==	*> DFHSA
   398	     *			    ==041== BY ==031==	*> DFHSFE
   399	     *			    ==044== BY ==023==	*> DFHMF
   400	     *			    ==060== BY ==020==	*> DFHRA
   401	     *			    ==063== BY ==026==. *> DFHSUB
   402	     *
   403	     ******************************************************************
   404	     *BMS and Terminal Control - Order & Attributes constants	      *
   405	     ******************************************************************
   406	     *
   407	     *	  Field Attributes
   408	     *
   409            05  DFHBMASB                          PIC X VALUE '8'.
   410            05  DFHBMASF                          PIC X VALUE '1'.
   411            05  DFHBMASK                          PIC X VALUE '0'.
   412            05  DFHBMBRY                          PIC X VALUE 'H'.
   413            05  DFHBMDAR                          PIC X VALUE '<'.
   414            05  DFHBMFSE                          PIC X VALUE 'A'.
   415            05  DFHBMPRF                          PIC X VALUE '/'.
   416            05  DFHBMPRO                          PIC X VALUE '-'.
   417            05  DFHBMUNN                          PIC X VALUE '&'.
   418            05  DFHBMUNP                          PIC X VALUE ' '.
   419            05  DFHUNNUM                          PIC X VALUE 'J'.
   420	     *
   421	     *	  partially supported
   422	     *
   423            05  DFHUNNOD                          PIC X VALUE '('.
   424            05  DFHUNIMD                          PIC X VALUE 'I'.
   425            05  DFHUNINT                          PIC X VALUE 'R'.
   426            05  DFHUNNON                          PIC X VALUE '('.
   427            05  DFHPROTI                          PIC X VALUE 'Y'.
   428            05  DFHPROTN                          PIC X VALUE '%'.   429	     *
   430	     *	  These values are additions to mainframe constants
   431	     *
   432            05  DFHBMS-ASK-DARK                   PIC X VALUE '@'.
   433            05  DFHBMS-ASK-BRY-FSET               PIC X VALUE '9'.
   434            05  DFHBMS-ASK-DAR-FSET               PIC X VALUE ''''.
   435	     *						      VALUE APOST
   436            05  DFHBMS-PRO-BRY-FSET               PIC X VALUE 'Z'.
   437            05  DFHBMS-PRO-DAR-FSET               PIC X VALUE '_'.
   438            05  DFHBMS-NUM-BRY                    PIC X VALUE 'Q'.
   439            05  DFHBMS-NUM-DAR                    PIC X VALUE '*'.
   440            05  DFHBMS-NUM-DAR-FSET               PIC X VALUE ')'.
   441	     *
   442	     *	  Field Flag values
   443		  05  DFHBMEOF-VAL VALUE 128		PIC S9(4) COMP-4.
   444		  05  FILLER REDEFINES DFHBMEOF-VAL.
   445		      10  FILLER			PIC X.
   446		      10  DFHBMEOF			PIC X.
   447       *                                          x'80'.
   448		  05  DFHBMCUR-VAL VALUE 002		PIC S9(4) COMP-4.
   449		  05  FILLER REDEFINES DFHBMCUR-VAL.
   450		      10  FILLER			PIC X.
   451		      10  DFHBMCUR			PIC X.
   452       *                                          x'02'.
   453		  05  DFHBMMEC-VAL VALUE 130		PIC S9(4) COMP-4.
   454		  05  FILLER REDEFINES DFHBMMEC-VAL.
   455		      10  FILLER			PIC X.
   456		      10  DFHBMMEC			PIC X.
   457       *                                          x'82'.
   458       *                                          x'02'.
   459		  05  DFHBMFLG-VAL  VALUE 0		PIC S9(4) COMP-4.
   460		      88  DFHERASE			VALUES 128 130.
   461       *                                          x'80' X'82'
   462		      88  DFHCURSR			VALUES 002 130.
   463       *                                          x'02' X'82'
   464		  05  FILLER REDEFINES DFHBMFLG-VAL.
   465		      10  FILLER			PIC X.
   466		      10  DFHBMFLG			PIC X.
   467
   468		  05  DFHBMDUP-VAL VALUE 028		PIC S9(4) COMP-4.
   469		  05  FILLER REDEFINES DFHBMDUP-VAL.
   470		      10  FILLER			PIC X.
   471		      10  DFHBMDUP			PIC X.
   472       *                                              x'1C'
   473	     *
   474	     ******************************************************************
   475	     *	  supported 327X Extended Attributes
   476	     *
   477	     *	  Extended COLOR Attributes
   478	     *
   479            05  DFHDFCOL                          PIC X VALUE '0'.
   480            05  DFHBLUE                           PIC X VALUE '1'.
   481            05  DFHRED                            PIC X VALUE '2'.
   482            05  DFHPINK                           PIC X VALUE '3'.
   483            05  DFHGREEN                          PIC X VALUE '4'.
   484            05  DFHTURQ                           PIC X VALUE '5'.
   485            05  DFHYELLO                          PIC X VALUE '6'.
   486            05  DFHNEUTR                          PIC X VALUE '7'.
   487	     *
   488	     *	  Extended HILIGHT Attributes   489	     *
   490            05  DFHDFHI                           PIC X VALUE '0'.
   491            05  DFHBLINK                          PIC X VALUE '1'.
   492            05  DFHREVRS                          PIC X VALUE '2'.
   493            05  DFHUNDLN                          PIC X VALUE '4'.
   494	     *
   495	     ******************************************************************
   496	     *	  supported 327X Data Stream Orders
   497	     *
   498		  05  DFHSBA-VAL VALUE 017		 PIC S9(4) COMP-4.
   499		  05  FILLER REDEFINES DFHSBA-VAL.
   500		      10  FILLER			PIC X.
   501		      10  DFHSBA			PIC X.
   502       *                                              x'11'
   503		  05  DFHEUA-VAL VALUE 018		PIC S9(4) COMP-4.
   504		  05  FILLER REDEFINES DFHEUA-VAL.
   505		      10  FILLER			PIC X.
   506		      10  DFHEUA			PIC X.
   507       *                                              x'12'
   508		  05  DFHIC-VAL VALUE 019		PIC S9(4) COMP-4.
   509		  05  FILLER REDEFINES DFHIC-VAL.
   510		      10  FILLER			PIC X.
   511		      10  DFHIC 			PIC X.
   512       *                                              X'13'.
   513		  05  DFHSF-VAL VALUE 029		PIC S9(4) COMP-4.
   514		  05  FILLER REDEFINES DFHSF-VAL.
   515		      10  FILLER			PIC X.
   516		      10  DFHSF 			PIC X.
   517       *                                              X'1D'.
   518		  05  DFHPT-VAL VALUE 005		PIC S9(4) COMP-4.
   519		      88 DFHPT-VAL-EBCDIC		VALUE 5.
   520		      88 DFHPT-VAL-ASCII		VALUE 9.
   521		  05  FILLER REDEFINES DFHPT-VAL.
   522		      10  FILLER			PIC X.
   523		      10  DFHPT 			PIC X.
   524       *                                              EBCDIC X'05'.
   525       *                                              ASCII  X'09'.
   526		  05  DFHRA-VAL VALUE 060		PIC S9(4) COMP-4.
   527		      88 DFHRA-VAL-EBCDIC		VALUE 60.
   528		      88 DFHRA-VAL-ASCII		VALUE 20.
   529		  05  FILLER REDEFINES DFHRA-VAL.
   530		      10  FILLER			PIC X.
   531		      10  DFHRA 			PIC X.
   532       *                                              EBCDIC x'3C'
   533       *                                              ASCII  x'14'
   534		  05  DFHSFE-VAL VALUE 041		PIC S9(4) COMP-4.
   535		      88 DFHSFE-VAL-EBCDIC		VALUE 41.
   536		      88 DFHSFE-VAL-ASCII		VALUE 31.
   537		  05  FILLER REDEFINES DFHSFE-VAL.
   538		      10  FILLER			PIC X.
   539		      10  DFHSFE			PIC X.
   540       *                                              EBCDIC x'29'
   541       *                                              ASCII  x'1F'
   542		  05  DFHMF-VAL VALUE 044		PIC S9(4) COMP-4.
   543		      88 DFHMF-VAL-EBCDIC		VALUE 44.
   544		      88 DFHMF-VAL-ASCII		VALUE 23.
   545		  05  FILLER REDEFINES DFHMF-VAL.
   546		      10  FILLER			PIC X.
   547		      10  DFHMF 			PIC X.
   548       *                                              EBCDIC x'2C'   549       *                                              ASCII  x'17'
   550	     *
   551	     ******************************************************************
   552	     *	  unsupported 327X Data Stream order codes
   553	     *
   554		  05  DFHSA-VAL VALUE 040		PIC S9(4) COMP-4.
   555		      88 DFHSA-VAL-EBCDIC		VALUE 40.
   556		      88 DFHSA-VAL-ASCII		VALUE 21.
   557		  05  FILLER REDEFINES DFHSA-VAL.
   558		      10  FILLER			PIC X.
   559		      10  DFHSA 			PIC X.
   560       *                                              EBCDIC x'28'
   561       *                                              ASCII  x'15'
   562		  05  DFHGE-VAL VALUE 008		PIC S9(4) COMP-4.
   563		  05  FILLER REDEFINES DFHGE-VAL.
   564		      10  FILLER			PIC X.
   565		      10  DFHGE 			PIC X.
   566       *                                              X'08'.
   567	     *
   568	     ******************************************************************
   569	     *	  SFE and MF supported attribute types
   570	     *
   571            05  DFHCOLOR                          PIC X VALUE 'ƒ'.
   572       *                                              EBCDIC x'42'
   573       *                                              ASCII  x'83'
   574            05  DFHHLT                            PIC X VALUE 'Ö'.
   575       *                                              EBCDIC x'41'
   576       *                                              ASCII  x'D6'
   577            05  DFH3270                           PIC X VALUE '{'.
   578	     *
   579	     *	  supported for SEND TEXT command and printer terminal
   580	     *
   581		  05  DFHBMPNL-VAL VALUE 021		PIC S9(4) COMP-4.
   582		      88 DFHBMPNL-VAL-EBCDIC		VALUE 21.
   583		      88 DFHBMPNL-VAL-ASCII		VALUE 10.
   584		  05  FILLER REDEFINES DFHBMPNL-VAL.
   585		      10  FILLER			PIC X.
   586		      10  DFHBMPNL			PIC X.
   587       *                                              EBCDIC X'15'.
   588       *                                              ASCII  X'0A'.
   589	     *
   590	     ******************************************************************
   591	     *	  Printer terminal data stream only
   592	     *
   593		  05  DFHBMPFF-VAL VALUE 012		PIC S9(4) COMP-4.
   594		  05  FILLER REDEFINES DFHBMPFF-VAL.
   595		      10  FILLER			PIC X.
   596		      10  DFHBMPFF			PIC X.
   597       *                                              X'0C'.
   598		  05  DFHBMPCR-VAL VALUE 013		PIC S9(4) COMP-4.
   599		  05  FILLER REDEFINES DFHBMPCR-VAL.
   600		      10  FILLER			PIC X.
   601		      10  DFHBMPCR			PIC X.
   602       *                                              X'0D'.
   603		  05  DFHBMPEM-VAL VALUE 025		PIC S9(4) COMP-4.
   604		  05  FILLER REDEFINES DFHBMPEM-VAL.
   605		      10  FILLER			PIC X.
   606		      10  DFHBMPEM			PIC X.
   607       *                                              X'19'.
   608	     *   609	     ******************************************************************
   610	     *	  unsupported Miscellaneous attributes and constants
   611	     *
   612		  05  DFHALL				PIC X VALUE LOW-VALUES.
   613            05  DFHBASE                           PIC X VALUE '0'.
   614		  05  DFHBMDET				PIC X VALUE LOW-VALUES.
   615		  05  DFHBMPSOSI-VAL VALUE 3599 	PIC S9(4) COMP-4.
   616		  05  FILLER REDEFINES DFHBMPSOSI-VAL.
   617		      10  DFHBMPSO			PIC X.
   618       *                                              X'0E'.
   619		      10  DFHBMPSI			PIC X.
   620       *                                              X'0F'.
   621		  05  DFHDFT VALUE HIGH-VALUES		PIC X.
   622            05  DFHERROR                          PIC X VALUE '¶'.
   623       *                                              EBCDIC X'1A'.
   624       *                                              ASCII  X'B6'.
   625            05  DFHFIL                            PIC X VALUE '4'.
   626            05  DFHMENT                           PIC X VALUE '2'.
   627            05  DFHMET                            PIC X VALUE '3'.
   628            05  DFHMFE                            PIC X VALUE '6'.
   629            05  DFHMFET                           PIC X VALUE '7'.
   630            05  DFHMFT                            PIC X VALUE '5'.
   631            05  DFHMT                             PIC X VALUE '1'.
   632            05  DFHOUTLN                          PIC X VALUE 'B'.
   633            05  DFHPS                             PIC X VALUE '„'.
   634       *                                              EBCDIC x'43'
   635       *                                              ASCII  x'84'
   636            05  DFHVAL                            PIC X VALUE 'A'.
   637	     *
   638		  05  DFHSUB-VAL   VALUE 063		PIC S9(4) COMP-4.
   639		      88 DFHSUB-VAL-EBCDIC		VALUE 63.
   640		      88 DFHSUB-VAL-ASCII		VALUE 26.
   641		  05  FILLER REDEFINES DFHSUB-VAL.
   642		      10  FILLER			PIC X.
   643		      10  DFHSUB			PIC X.
   644       *                                              EBCDIC X'3F'.
   645       *                                              ASCII  X'1A'.
   646	     *
   647		  05  DFHFM-VAL    VALUE 030		PIC S9(4) COMP-4.
   648		  05  FILLER REDEFINES DFHFM-VAL.
   649		      10  FILLER			PIC X.
   650		      10  DFHFM 			PIC X.
   651       *                                              EBCDIC X'1E'.
   652		  05  DFHEO VALUE HIGH-VALUE		PIC X.
   654
   655	      LINKAGE SECTION.
   657	      01  DFHEIBLK.						       R
   658		  05 EIBTIME  PIC S9(7) COMP-3. 			       R
   659		  05 EIBDATE  PIC S9(7) COMP-3. 			       R
   660		  05 EIBTRNID PIC X(4). 				       R
   661		  05 EIBTASKN PIC S9(7) COMP-3. 			       R
   662		  05 EIBTRMID PIC X(4). 				       R
   663		  05 DFHEIGDI PIC S9(4) COMP-4. 			       R
   664		  05 EIBCPOSN PIC S9(4) COMP-4. 			       R
   665		  05 EIBCALEN PIC S9(4) COMP-4. 			       R
   666		  05 EIBAID   PIC X.					       R
   667		  05 EIBFN    PIC X(2). 				       R
   668		  05 EIBRCODE PIC X(6). 				       R
   669		  05 EIBDS    PIC X(8). 				       R
   670		  05 EIBREQID PIC X(8). 				       R   671		  05 EIBRSRCE PIC X(8). 				       R
   672		  05 EIBSYNC  PIC X.					       R
   673		  05 EIBFREE  PIC X.					       R
   674		  05 EIBRECV  PIC X.					       R
   675		  05 EIBSEND  PIC X.					       R
   676		  05 EIBATT   PIC X.					       R
   677		  05 EIBEOC   PIC X.					       R
   678		  05 EIBFMH   PIC X.					       R
   679		  05 EIBCOMPL PIC X.					       R
   680		  05 EIBSIG   PIC X.					       R
   681		  05 EIBCONF  PIC X.					       R
   682		  05 EIBERR   PIC X.					       R
   683		  05 EIBERRCD PIC X(4). 				       R
   684		  05 EIBSYNRB PIC X.					       R
   685		  05 EIBNODAT PIC X.					       R
   686		  05 EIBRESP  PIC S9(8) COMP-4. 			       R
   687		  05 EIBRESP2 PIC S9(8) COMP-4. 			       R
   688		  05 EIBRLDBK PIC X.					       R
   689		  05 EIBCARESERVED PIC X(32).				       R
   691	      01  DFHCOMMAREA				PIC X(322).
   692	     *
   693	      PROCEDURE DIVISION					       R
   695		  USING DFHEIBLK DFHCOMMAREA.				       R
   720	      000-PROCESS-MENU.
   721	     *
   722            IF EIBTRNID = 'SM00' OR 'SM01' OR 'SM12' OR 'SM06'
   723		       IF EIBCALEN NOT = +0
   724			  MOVE DFHCOMMAREA TO WS-COMMAREA
   725                    IF WS-PROG-STATE = 1 AND WS-INIT = 'N'
   726			      PERFORM 400-VALIDATE-TICKET
   727			      MOVE DFHBMASK TO TIXNOA
   728			      MOVE 2 TO WS-PROG-STATE
   729                        MOVE 'PRESS F2 TO CANCEL THE TICKET' TO ERRMSGO
   730			      PERFORM 100-SEND-MAP
   731                        MOVE 'Y' TO WS-INIT
   732			  ELSE
   733			      IF EIBAID = DFHPF3 OR DFHPF2 OR DFHPF5 OR
   734					      DFHENTER OR DFHPF11 OR DFHPF12
   735				  PERFORM 200-REC-MAP
   736			      ELSE
   737				  IF WS-TICKET-NUM NOT = LOW-VALUES
   738				      MOVE DFHBMPRO TO TIXNOA
   739				      PERFORM 400-VALIDATE-TICKET
   740				  END-IF
   741                            MOVE 'INVALID PFKEY PRESSED' TO ERRMSGO
   742				  PERFORM 100-SEND-MAP
   743			      END-IF
   744			  END-IF
   745		       ELSE
   746			  MOVE DFHBMDAR TO PF2A
   747			  MOVE DFHBMDAR TO PF5A
   748			  MOVE 1 TO WS-PROG-STATE
   749                    MOVE 'ENTER TICKET NUMBER AND PRESS ENTER' TO ERRMSGO
   750			  PERFORM 100-SEND-MAP
   751		       END-IF
   752		  ELSE
   754		      EXEC CICS RETURN
   755		      END-EXEC
   768		  END-IF.
   769	      000-EXIT.   770		  EXIT.
   771
   772	      100-SEND-MAP.
   773		  MOVE EIBDATE TO WS-DATE
   774		  MOVE WS-DATE-X TO DATE1O
   776		  EXEC CICS ASKTIME
   777			  ABSTIME      (WS-TIME)
   778		      END-EXEC
   797		      EXEC CICS FORMATTIME
   798			  ABSTIME      (WS-TIME)
   799                    DATESEP      ('-')
   800			  MMDDYY   (DATE1O)
   801		      TIME     (TIME1O)
   802                TIMESEP  (':')
   803		  END-EXEC
   843		  MOVE DFHBMASB TO TIME1A
   844		  MOVE DFHBMASB TO DATE1A
   846		  EXEC CICS
   847                SEND MAP('SM006M')
   848                MAPSET('SM006S')
   849		      FROM(SM006MO)
   850		      ERASE
   851		  END-EXEC
   888		  EXEC CICS RETURN
   889                TRANSID('SM06')
   890		      COMMAREA(WS-COMMAREA)
   891		  END-EXEC.
   916	      100-EXIT.
   917		  EXIT.
   918
   919	      200-REC-MAP.
   921		  EXEC CICS
   922                RECEIVE MAP('SM006M')
   923                MAPSET('SM006S')
   924		      INTO (SM006MI)
   925		  END-EXEC
   958		  PERFORM 300-CHECK-AID.
   959	      200-EXIT.
   960		  EXIT.
   961
   962	      300-CHECK-AID.
   963		  EVALUATE TRUE
   964		      WHEN EIBAID = DFHPF3
   965			  EVALUATE TRUE
   966			      WHEN WS-PROG-STATE = 1
   967			      WHEN WS-PROG-STATE = 2
   969				  EXEC CICS XCTL
   970                                PROGRAM('SM000P')
   971				  END-EXEC
   990			      WHEN WS-PROG-STATE = 3
   991				  MOVE 1 TO WS-PROG-STATE
   993				  EXEC CICS RETURN END-EXEC
  1006			  END-EVALUATE
  1007		      WHEN EIBAID = DFHPF2
  1008			  EVALUATE TRUE
  1009			      WHEN WS-PROG-STATE = 1
  1010			      WHEN WS-PROG-STATE = 3
  1011				  MOVE WS-TICKET-NUM TO TIXNOO
  1012				  IF TIXNOO NOT = LOW-VALUES
  1013				      MOVE DFHBMASK TO TIXNOA  1014				  END-IF
  1015				  PERFORM 100-SEND-MAP
  1016			      WHEN WS-PROG-STATE = 2
  1017				  PERFORM 700-CANCEL-TICKET
  1018				  PERFORM 800-CREATE-LOG
  1019				  ADD 1 TO WS-PROG-STATE
  1020				  PERFORM 100-SEND-MAP
  1021			  END-EVALUATE
  1022		      WHEN EIBAID = DFHPF5
  1023			  EVALUATE TRUE
  1024			      WHEN WS-PROG-STATE = 1
  1025			      WHEN WS-PROG-STATE = 3
  1026				  MOVE 1 TO WS-PROG-STATE
  1027				  PERFORM 900-CLEAR-VALS
  1028                            MOVE 'ENTER TICKET NUMBER AND PRESS ENTER' TO
  1029				      ERRMSGO
  1030				  PERFORM 100-SEND-MAP
  1031			      WHEN WS-PROG-STATE = 2
  1032                            MOVE 'TICKET CANCEL ABORTED' TO ERRMSGO
  1033				  PERFORM 900-CLEAR-VALS
  1034				  MOVE 1  TO WS-PROG-STATE
  1035				  PERFORM 100-SEND-MAP
  1036			  END-EVALUATE
  1037		      WHEN EIBAID = DFHENTER
  1038			  EVALUATE TRUE
  1039			      WHEN WS-PROG-STATE = 1
  1040				  IF TIXNOI = SPACES OR TIXNOL = ZERO
  1041                                MOVE 'TICKET NUMBER IS REQUIRED' TO
  1042					  ERRMSGO
  1043				      PERFORM 100-SEND-MAP
  1044				  ELSE
  1045				      MOVE 2 TO WS-PROG-STATE
  1046				      MOVE TIXNOI TO WS-TICKET-NUM
  1047				      PERFORM 400-VALIDATE-TICKET
  1048				      MOVE DFHBMASK TO TIXNOA
  1049                                MOVE 'PRESS F2 TO CANCEL THE TICKET' TO
  1050					   ERRMSGO
  1051				      PERFORM 100-SEND-MAP
  1052				  END-IF
  1053			      WHEN WS-PROG-STATE = 2
  1054				  MOVE WS-TICKET-NUM TO TIXNOO
  1055				  MOVE DFHBMASK TO TIXNOA
  1056				  MOVE 2 TO WS-PROG-STATE
  1057                            MOVE 'PRESS F2 TO CANCEL THE TICKET' TO
  1058				       ERRMSGO
  1059				  PERFORM 100-SEND-MAP
  1060			      WHEN WS-PROG-STATE = 3
  1061                            MOVE 'ENTER TICKET NUMBER AND PRESS ENTER' TO
  1062				      ERRMSGO
  1063				  MOVE 1 TO WS-PROG-STATE
  1064				  MOVE LOW-VALUES TO SM006MO
  1065				  PERFORM 100-SEND-MAP
  1066			  END-EVALUATE
  1067		      WHEN OTHER
  1069			  EXEC CICS SEND TEXT
  1070			      ERASE
  1071			      FROM (WS-INVKEY)
  1072			      LENGTH (22)
  1073			  END-EXEC
  1103		  END-EVALUATE  1104		  PERFORM 100-SEND-MAP.
  1105	      300-EXIT.
  1106		  EXIT.
  1107
  1108	      400-VALIDATE-TICKET.
  1110		  EXEC CICS
  1111                READ FILE('STF00001')
  1112		      INTO (WS-TIX-REC)
  1113		      RIDFLD (WS-TICKET-NUM1)
  1114		      RESP(WS-RESPONSE-CODE)
  1115		      GTEQ
  1116		  END-EXEC
  1154            IF TIX-STATUS = 'CANCELED'
  1155		      MOVE 1 TO WS-PROG-STATE
  1156		      MOVE WS-INVALID-TICKET TO ERRMSGO
  1157		      PERFORM 100-SEND-MAP
  1158		  END-IF
  1160		  IF EIBRESP = DFHRESP(NOTFND)
  1162		  IF EIBRESP =	       013				       R
  1163		      MOVE 1 TO WS-PROG-STATE
  1164		      MOVE WS-INVALID-TICKET TO ERRMSGO
  1165		      PERFORM 100-SEND-MAP
  1166		  ELSE
  1167		      PERFORM 500-SEARCH-USER
  1168		  END-IF.
  1169	      400-EXIT.
  1170		  EXIT.
  1171
  1172	      500-SEARCH-USER.
  1174		  EXEC CICS ASSIGN
  1175		      USERID(WS-USERID)
  1176		  END-EXEC
  1195		  EXEC CICS
  1196                READ FILE('UAF00001')
  1197		      INTO (WS-USER-REC)
  1198		      RIDFLD (WS-USERID)
  1199		      RESP(WS-RESPONSE-CODE)
  1200		      EQUAL
  1201		  END-EXEC
  1239		  IF TIX-REQUESTOR NOT = USERID
  1240		      MOVE 1 TO WS-PROG-STATE
  1241		      MOVE WS-INVALID-USER TO ERRMSGO
  1242		      PERFORM 100-SEND-MAP
  1243		  ELSE
  1244		      MOVE WS-USERID TO WS-USERID1
  1245		      PERFORM 600-MOVE-TICKETVAL
  1246		  END-IF.
  1247	      500-EXIT.
  1248		  EXIT.
  1249
  1250	      600-MOVE-TICKETVAL.
  1251		  MOVE TIX-ID TO TIXNOO
  1252		  MOVE TIX-REQUESTOR TO REQBYO
  1253		  MOVE TIX-TITLE TO TITLEO
  1254		  MOVE TIX-DESC1 TO DESC1O
  1255		  MOVE TIX-DESC2 TO DESC2O
  1256		  MOVE TIX-STATUS TO STATO
  1257		  MOVE TIX-TITLE TO TITLEO
  1258		  MOVE UPDATED-BY2 TO UPDBYO
  1259		  MOVE LAST-UPDATE-DATE TO DATE2O  1260		  MOVE LAST-UPDATE-TIME TO TIME2O
  1261		  MOVE LAST-UPDATE-REM1 TO REM1O
  1262		  MOVE LAST-UPDATE-REM2 TO REM2O.
  1263	      600-EXIT.
  1264		  EXIT.
  1265
  1266
  1267	      700-CANCEL-TICKET.
  1269		  EXEC CICS
  1270                READ FILE('STF00001')
  1271		      INTO (WS-TIX-REC)
  1272		      RIDFLD (WS-TICKET-NUM1)
  1273		      RESP(WS-RESPONSE-CODE)
  1274		      EQUAL
  1275		      UPDATE
  1276		  END-EXEC
  1317            MOVE 'TICKET CANCELED, PRESS ENTER TO CANCEL ANOTHER TICKET'
  1318			 TO ERRMSGO
  1319
  1320            MOVE 'CANCELED' TO TIX-STATUS
  1321            MOVE 'TICKET CANCELED' TO LAST-UPDATE-REM
  1322		  MOVE EIBDATE TO WS-DATE
  1323		  MOVE WS-DATE-X TO LAST-UPDATE-DATE
  1325		  EXEC CICS ASKTIME
  1326			  ABSTIME      (WS-TIME)
  1327		      END-EXEC
  1346		      EXEC CICS FORMATTIME
  1347			  ABSTIME      (WS-TIME)
  1348                    DATESEP      ('/')
  1349			  MMDDYYYY (LAST-UPDATE-DATE)
  1350		      TIME     (LAST-UPDATE-TIME)
  1351                TIMESEP  (':')
  1352		  END-EXEC
  1392		  MOVE DFHBMASK TO TIXNOA
  1393		  MOVE WS-TICKET-NUM1 TO TIXNOO
  1394		  MOVE TIX-REQUESTOR TO REQBYO
  1395		  MOVE TIX-TITLE TO TITLEO
  1396		  MOVE WS-USERID1 TO UPDBYO
  1397		  MOVE WS-USERID1 TO UPDATED-BY2
  1398		  MOVE LAST-UPDATE-DATE TO DATE2O
  1399		  MOVE LAST-UPDATE-TIME TO TIME2O
  1400		  MOVE TIX-STATUS TO STATO
  1401		  MOVE LAST-UPDATE-REM1 TO REM1O
  1402		  MOVE LAST-UPDATE-REM2 TO REM2O
  1403		  MOVE TIX-DESC1 TO DESC1O
  1404		  MOVE TIX-DESC2 TO DESC2O
  1406		  EXEC CICS
  1407                REWRITE FILE('STF00001')
  1408			      FROM(WS-TIX-REC)
  1409			      RESP(WS-RESPONSE-CODE)
  1410		  END-EXEC.
  1441	      700-EXIT.
  1442		  EXIT.
  1443
  1444	      800-CREATE-LOG.
  1445		  MOVE WS-TICKET-NUM TO LOG-TIX-ID1
  1446		  MOVE 1 TO LOG-SEQ-NUM
  1447		  MOVE LOG-TIX-ID TO WS-LOG-PH
  1449            EXEC CICS STARTBR FILE('STf00002')
  1450		       RIDFLD (LOG-TIX-ID)  1451		       KEYLENGTH(+9)
  1452		       RESP(WS-RESPONSE-CODE)
  1453		       GTEQ
  1454		  END-EXEC
  1493		  PERFORM UNTIL LOG-TIX-ID1 NOT = WS-LOG-PH(1:6)
  1495		      EXEC CICS READPREV
  1496                          FILE('STf00002')
  1497				INTO (WS-LOG)
  1498				RIDFLD (LOG-TIX-ID)
  1499				RESP(WS-RESPONSE-CODE)
  1500		      END-EXEC
  1535		      IF WS-LOG-PH(1:6) NOT = LOG-TIX-ID1
  1536			  CONTINUE
  1537		      ELSE
  1538			  MOVE LOG-TIX-ID TO WS-LOG-PH
  1539		      END-IF
  1540		      ADD 1 TO LOG-SEQ-NUM
  1541		  END-PERFORM
  1543		  EXEC CICS ENDBR
  1544                 FILE('stF00002')
  1545		  END-EXEC
  1564		  ADD 1 TO WS-LOG-SEQ
  1565		  MOVE WS-LOG-PH TO LOG-TIX-ID
  1566		  MOVE LAST-UPDATE-TIME TO LOG-LAST-UPDATE-TIME
  1567		  MOVE LAST-UPDATE-DATE TO LOG-LAST-UPDATE-DATE
  1568		  MOVE UPDBY2 TO LOG-UPDBY2
  1569		  MOVE LAST-UPDATE-REM1 TO LOG-LAST-UPDATE-REM(1:25)
  1570		  MOVE LAST-UPDATE-REM2 TO LOG-LAST-UPDATE-REM(26:25)
  1572		  EXEC CICS
  1573                WRITE FILE('STF00002')
  1574		      FROM(WS-LOG)
  1575		      RIDFLD(LOG-TIX-ID)
  1576		      RESP(WS-RESPONSE-CODE)
  1577		  END-EXEC.
  1613	      800-EXIT.
  1614		  EXIT.
  1615
  1616	      900-CLEAR-VALS.
  1617		  MOVE SPACE TO TIXNOO
  1618		  MOVE SPACE TO REQBYO
  1619		  MOVE SPACE TO TITLEO
  1620		  MOVE SPACE TO DESC1O
  1621		  MOVE SPACE TO DESC2O
  1622		  MOVE SPACE TO STATO
  1623		  MOVE SPACE TO DATE2O
  1624		  MOVE SPACE TO TIME2O
  1625		  MOVE SPACE TO REM1O
  1626		  MOVE SPACE TO REM2O
  1627		  MOVE SPACE TO UPDBYO.
  1628	      900-EXIT.
  1629		  EXIT.CA-Realia COBOL Version 6.0.45	 C:\handson-cics\CAWB30\sm006p.cic     PAGE   17



			Realia COBOL Compiler Version Information

			      Pass 1	 Version 6.072
			      Pass 1a	 Version 6.015
			      Pass 2	 Version 6.068
			      Pass 2a	 Version 6.020
			      Pass 3	 Version 6.094
			      Pass 4	 Version 6.007
			      Pass 5	 Version 6.022


			Compilation Directives in Effect

COMP-4		  DCHK		    OPT 	      NOCALL
NOSUBCHK	  STRCHK	    NOTRUNC	      NOSMALLCOMP
NODCALL 	  NODIVZERO	    NOEPDCALL	      APOST
EBCDIC		  STATABORT	    NOMOVELINK	      NOBLL4K
ARGCHK		  UPLOW 	    NOVERARG	      MDY
LP:   60	  PP		    FCREATE	      NOIEEE
NOLILIAN	  CURRENCY-SIGN=$   WRITEAFTER	      SOSI
NOCOPY68	  NOFLAG-COM	    NOFLAG-SEG	      NOFLAG-FIPS
DEBUGXREF	  DIALECT-VS2

			Error level limit: W

			Source lines compiled:	    1640
			Compilation time (mm:ss.ss):  0:00.03
			Compilation speed (lines/minute): 80000

			Compilation date (yy/mm/dd): 23/12/01
			     Time of day (hh:mm:ss): 13:40:07