     5	     *	CBL XOPTS(COBOL2)
    20	      IDENTIFICATION DIVISION.
    21	      PROGRAM-ID. SW000.
    22
    23	      ENVIRONMENT DIVISION.
    24	      CONFIGURATION SECTION.
    25	      SOURCE-COMPUTER.	  IBM-PC.
    26	      OBJECT-COMPUTER.	  IBM-PC.
    27	      DATA DIVISION.
    28	      WORKING-STORAGE SECTION.
    74	      01  WS-TIME				PIC 9(15) COMP-3.
    75	      01  WS-DATE				PIC 9(7).
    76	      01  WS-DATE-X REDEFINES WS-DATE		PIC X(7).
    77	      01  WS-LENGTH				PIC S9(4) COMP.
    78	      01  WS-COMMAREA.
    79		  05 WS-PROG-STATE			PIC X(10).
    80
    81	     *
    82		  COPY SW00S.
    84	     * SYMBOLIC MAP of sw00s Created by CACXBMS Version 6.0.27
    85	      01  SW00MI.
    86		  02  FILLER				     PIC X(12).
    87		  02  OPTIONL				     PIC S9(4) COMP.
    88		  02  OPTIONF				     PIC X.
    89		  02  FILLER REDEFINES OPTIONF.
    90		      03  OPTIONA			     PIC X.
    91		  02  OPTIONI				     PIC X(001).
    92		  02  ERRMSGL				     PIC S9(4) COMP.
    93		  02  ERRMSGF				     PIC X.
    94		  02  FILLER REDEFINES ERRMSGF.
    95		      03  ERRMSGA			     PIC X.
    96		  02  ERRMSGI				     PIC X(071).
    97		  02  DATEL				     PIC S9(4) COMP.
    98		  02  DATEF				     PIC X.
    99		  02  FILLER REDEFINES DATEF.
   100		      03  DATEA 			     PIC X.
   101		  02  DATEI				     PIC X(010).
   102		  02  TIMEL				     PIC S9(4) COMP.
   103		  02  TIMEF				     PIC X.
   104		  02  FILLER REDEFINES TIMEF.
   105		      03  TIMEA 			     PIC X.
   106		  02  TIMEI				     PIC X(008).
   107	      01  SW00MO REDEFINES SW00MI.
   108		  02  FILLER				     PIC X(12).
   109		  02  FILLER				     PIC XX.
   110		  02  FILLER				     PIC X.
   111		  02  OPTIONO				     PIC X(001).
   112		  02  FILLER				     PIC XX.
   113		  02  FILLER				     PIC X.
   114		  02  ERRMSGO				     PIC X(071).
   115		  02  FILLER				     PIC XX.
   116		  02  FILLER				     PIC X.
   117		  02  DATEO				     PIC X(010).
   118		  02  FILLER				     PIC XX.
   119		  02  FILLER				     PIC X.
   120		  02  TIMEO				     PIC X(008).
   122	     *
   123		  COPY DFHAID.
   125	      01  DFHAID.
   126	     *   127	     * CA-Realia CICS 6.0 Computer Associates International, Inc.
   128	     *
   129	     * Revision Information
   130	     * ^{File:dfhaid.cob  }
   131	     * ^{Timestamp:Thu May 15 14:02:52 1997}
   132	     * ^{Revision:2.0}
   133	     *
   134	     *This is the AID constants copy file
   135	     *
   136            05  DFHENTER                  PIC X VALUE ''''.
   137	     *					value APOST
   138            05  DFHCLEAR                  PIC X VALUE '_'.
   139            05  DFHPA1                    PIC X VALUE '%'.
   140            05  DFHPA2                    PIC X VALUE '>'.
   141            05  DFHPA3                    PIC X VALUE ','.
   142            05  DFHPF1                    PIC X VALUE '1'.
   143            05  DFHPF2                    PIC X VALUE '2'.
   144            05  DFHPF3                    PIC X VALUE '3'.
   145            05  DFHPF4                    PIC X VALUE '4'.
   146            05  DFHPF5                    PIC X VALUE '5'.
   147            05  DFHPF6                    PIC X VALUE '6'.
   148            05  DFHPF7                    PIC X VALUE '7'.
   149            05  DFHPF8                    PIC X VALUE '8'.
   150            05  DFHPF9                    PIC X VALUE '9'.
   151            05  DFHPF10                   PIC X VALUE ':'.
   152            05  DFHPF11                   PIC X VALUE '#'.
   153            05  DFHPF12                   PIC X VALUE '@'.
   154            05  DFHPF13                   PIC X VALUE 'A'.
   155            05  DFHPF14                   PIC X VALUE 'B'.
   156            05  DFHPF15                   PIC X VALUE 'C'.
   157            05  DFHPF16                   PIC X VALUE 'D'.
   158            05  DFHPF17                   PIC X VALUE 'E'.
   159            05  DFHPF18                   PIC X VALUE 'F'.
   160            05  DFHPF19                   PIC X VALUE 'G'.
   161            05  DFHPF20                   PIC X VALUE 'H'.
   162            05  DFHPF21                   PIC X VALUE 'I'.
   163            05  DFHPF22                   PIC X VALUE '›'.
   164       *                                  EBCDIC Cent sign x'4A'
   165       *                                  ASCII  Cent sign x'9B'
   166            05  DFHPF23                   PIC X VALUE '.'.
   167            05  DFHPF24                   PIC X VALUE '<'.
   168            05  DFHOPID                   PIC X VALUE 'W'.
   169            05  DFHMSRE                   PIC X VALUE 'X'.
   170            05  DFHTRIG                   PIC X VALUE '"'.
   171       *                                        value QUOTE  "
   172            05  DFHPEN                    PIC X VALUE '='.
   173            05  DFHCLRP                   PIC X VALUE 'Ý'.
   174       *                                  EBCDIC x'6A'
   175       *                                  ASCII  x'DD'
   176            05  DFHSTRF                   PIC X VALUE 'h'.
   177	     *	  DFHQUIT is a CA-Realia CICS Extension
   178	     *	  It is set by using <Ctrl>+C or <Ctrl>+<Break> Keys
   179            05  DFHQUIT                   PIC X VALUE '!'.
   180		  05  DFHNULL			PIC X VALUE LOW-VALUE.
   182	     *
   183	      COPY DFHBMSCA.
   185	      01  DFHBMSCA.
   186	     *
   187	     * CA-Realia CICS 6.0 Computer Associates International, Inc.
   188	     *   189	     * Revision Information
   190	     * ^{File:dfhbmsca.cob}
   191	     * ^{Timestamp:Tue Oct 08 15:34:54 1996}
   192	     * ^{Revision:2.0}
   193	     *
   194	     *	Note:This FILE is provided with most values as quoted literals
   195	     *	     so that the file can be used for both ASCII and EBCDIC
   196	     *	     programs
   197	     *
   198	     *	     The only exceptions are some 3270 Data Stream Orders
   199	     *	     They use different Hexadecimal values for ASCII and
   200	     *	     EBCDIC and they cannot be expressed as quoted literals
   201	     *	     as the values are <Line Feed>, <Tab>, <End of File> etc.
   202	     *	     characters in ASCII
   203	     *
   204	     *	     They have their values set up to default to the EBCDIC
   205	     *	     values.
   206	     *
   207	     *	     3270 orders are only needed for EXEC CICS SEND and RECEIVE
   208	     *	     and SEND TEXT with imbedded format orders.
   209	     *	     If you use these values in ASCII programs the values
   210	     *	     must be changed.
   211	     *
   212	     *	     An alternative is to use REPLACING to change the values.
   213	     *
   214	     *	  i.e. COPY DFHBMSCA replacing
   215	     *			    ==005== BY ==009==	*> DFHPT
   216	     *			    ==021== BY ==010==	*> DFHNL
   217	     *			    ==040== BY ==021==	*> DFHSA
   218	     *			    ==041== BY ==031==	*> DFHSFE
   219	     *			    ==044== BY ==023==	*> DFHMF
   220	     *			    ==060== BY ==020==	*> DFHRA
   221	     *			    ==063== BY ==026==. *> DFHSUB
   222	     *
   223	     ******************************************************************
   224	     *BMS and Terminal Control - Order & Attributes constants	      *
   225	     ******************************************************************
   226	     *
   227	     *	  Field Attributes
   228	     *
   229            05  DFHBMASB                          PIC X VALUE '8'.
   230            05  DFHBMASF                          PIC X VALUE '1'.
   231            05  DFHBMASK                          PIC X VALUE '0'.
   232            05  DFHBMBRY                          PIC X VALUE 'H'.
   233            05  DFHBMDAR                          PIC X VALUE '<'.
   234            05  DFHBMFSE                          PIC X VALUE 'A'.
   235            05  DFHBMPRF                          PIC X VALUE '/'.
   236            05  DFHBMPRO                          PIC X VALUE '-'.
   237            05  DFHBMUNN                          PIC X VALUE '&'.
   238            05  DFHBMUNP                          PIC X VALUE ' '.
   239            05  DFHUNNUM                          PIC X VALUE 'J'.
   240	     *
   241	     *	  partially supported
   242	     *
   243            05  DFHUNNOD                          PIC X VALUE '('.
   244            05  DFHUNIMD                          PIC X VALUE 'I'.
   245            05  DFHUNINT                          PIC X VALUE 'R'.
   246            05  DFHUNNON                          PIC X VALUE '('.
   247            05  DFHPROTI                          PIC X VALUE 'Y'.
   248            05  DFHPROTN                          PIC X VALUE '%'.   249	     *
   250	     *	  These values are additions to mainframe constants
   251	     *
   252            05  DFHBMS-ASK-DARK                   PIC X VALUE '@'.
   253            05  DFHBMS-ASK-BRY-FSET               PIC X VALUE '9'.
   254            05  DFHBMS-ASK-DAR-FSET               PIC X VALUE ''''.
   255	     *						      VALUE APOST
   256            05  DFHBMS-PRO-BRY-FSET               PIC X VALUE 'Z'.
   257            05  DFHBMS-PRO-DAR-FSET               PIC X VALUE '_'.
   258            05  DFHBMS-NUM-BRY                    PIC X VALUE 'Q'.
   259            05  DFHBMS-NUM-DAR                    PIC X VALUE '*'.
   260            05  DFHBMS-NUM-DAR-FSET               PIC X VALUE ')'.
   261	     *
   262	     *	  Field Flag values
   263		  05  DFHBMEOF-VAL VALUE 128		PIC S9(4) COMP-4.
   264		  05  FILLER REDEFINES DFHBMEOF-VAL.
   265		      10  FILLER			PIC X.
   266		      10  DFHBMEOF			PIC X.
   267       *                                          x'80'.
   268		  05  DFHBMCUR-VAL VALUE 002		PIC S9(4) COMP-4.
   269		  05  FILLER REDEFINES DFHBMCUR-VAL.
   270		      10  FILLER			PIC X.
   271		      10  DFHBMCUR			PIC X.
   272       *                                          x'02'.
   273		  05  DFHBMMEC-VAL VALUE 130		PIC S9(4) COMP-4.
   274		  05  FILLER REDEFINES DFHBMMEC-VAL.
   275		      10  FILLER			PIC X.
   276		      10  DFHBMMEC			PIC X.
   277       *                                          x'82'.
   278       *                                          x'02'.
   279		  05  DFHBMFLG-VAL  VALUE 0		PIC S9(4) COMP-4.
   280		      88  DFHERASE			VALUES 128 130.
   281       *                                          x'80' X'82'
   282		      88  DFHCURSR			VALUES 002 130.
   283       *                                          x'02' X'82'
   284		  05  FILLER REDEFINES DFHBMFLG-VAL.
   285		      10  FILLER			PIC X.
   286		      10  DFHBMFLG			PIC X.
   287
   288		  05  DFHBMDUP-VAL VALUE 028		PIC S9(4) COMP-4.
   289		  05  FILLER REDEFINES DFHBMDUP-VAL.
   290		      10  FILLER			PIC X.
   291		      10  DFHBMDUP			PIC X.
   292       *                                              x'1C'
   293	     *
   294	     ******************************************************************
   295	     *	  supported 327X Extended Attributes
   296	     *
   297	     *	  Extended COLOR Attributes
   298	     *
   299            05  DFHDFCOL                          PIC X VALUE '0'.
   300            05  DFHBLUE                           PIC X VALUE '1'.
   301            05  DFHRED                            PIC X VALUE '2'.
   302            05  DFHPINK                           PIC X VALUE '3'.
   303            05  DFHGREEN                          PIC X VALUE '4'.
   304            05  DFHTURQ                           PIC X VALUE '5'.
   305            05  DFHYELLO                          PIC X VALUE '6'.
   306            05  DFHNEUTR                          PIC X VALUE '7'.
   307	     *
   308	     *	  Extended HILIGHT Attributes   309	     *
   310            05  DFHDFHI                           PIC X VALUE '0'.
   311            05  DFHBLINK                          PIC X VALUE '1'.
   312            05  DFHREVRS                          PIC X VALUE '2'.
   313            05  DFHUNDLN                          PIC X VALUE '4'.
   314	     *
   315	     ******************************************************************
   316	     *	  supported 327X Data Stream Orders
   317	     *
   318		  05  DFHSBA-VAL VALUE 017		 PIC S9(4) COMP-4.
   319		  05  FILLER REDEFINES DFHSBA-VAL.
   320		      10  FILLER			PIC X.
   321		      10  DFHSBA			PIC X.
   322       *                                              x'11'
   323		  05  DFHEUA-VAL VALUE 018		PIC S9(4) COMP-4.
   324		  05  FILLER REDEFINES DFHEUA-VAL.
   325		      10  FILLER			PIC X.
   326		      10  DFHEUA			PIC X.
   327       *                                              x'12'
   328		  05  DFHIC-VAL VALUE 019		PIC S9(4) COMP-4.
   329		  05  FILLER REDEFINES DFHIC-VAL.
   330		      10  FILLER			PIC X.
   331		      10  DFHIC 			PIC X.
   332       *                                              X'13'.
   333		  05  DFHSF-VAL VALUE 029		PIC S9(4) COMP-4.
   334		  05  FILLER REDEFINES DFHSF-VAL.
   335		      10  FILLER			PIC X.
   336		      10  DFHSF 			PIC X.
   337       *                                              X'1D'.
   338		  05  DFHPT-VAL VALUE 005		PIC S9(4) COMP-4.
   339		      88 DFHPT-VAL-EBCDIC		VALUE 5.
   340		      88 DFHPT-VAL-ASCII		VALUE 9.
   341		  05  FILLER REDEFINES DFHPT-VAL.
   342		      10  FILLER			PIC X.
   343		      10  DFHPT 			PIC X.
   344       *                                              EBCDIC X'05'.
   345       *                                              ASCII  X'09'.
   346		  05  DFHRA-VAL VALUE 060		PIC S9(4) COMP-4.
   347		      88 DFHRA-VAL-EBCDIC		VALUE 60.
   348		      88 DFHRA-VAL-ASCII		VALUE 20.
   349		  05  FILLER REDEFINES DFHRA-VAL.
   350		      10  FILLER			PIC X.
   351		      10  DFHRA 			PIC X.
   352       *                                              EBCDIC x'3C'
   353       *                                              ASCII  x'14'
   354		  05  DFHSFE-VAL VALUE 041		PIC S9(4) COMP-4.
   355		      88 DFHSFE-VAL-EBCDIC		VALUE 41.
   356		      88 DFHSFE-VAL-ASCII		VALUE 31.
   357		  05  FILLER REDEFINES DFHSFE-VAL.
   358		      10  FILLER			PIC X.
   359		      10  DFHSFE			PIC X.
   360       *                                              EBCDIC x'29'
   361       *                                              ASCII  x'1F'
   362		  05  DFHMF-VAL VALUE 044		PIC S9(4) COMP-4.
   363		      88 DFHMF-VAL-EBCDIC		VALUE 44.
   364		      88 DFHMF-VAL-ASCII		VALUE 23.
   365		  05  FILLER REDEFINES DFHMF-VAL.
   366		      10  FILLER			PIC X.
   367		      10  DFHMF 			PIC X.
   368       *                                              EBCDIC x'2C'   369       *                                              ASCII  x'17'
   370	     *
   371	     ******************************************************************
   372	     *	  unsupported 327X Data Stream order codes
   373	     *
   374		  05  DFHSA-VAL VALUE 040		PIC S9(4) COMP-4.
   375		      88 DFHSA-VAL-EBCDIC		VALUE 40.
   376		      88 DFHSA-VAL-ASCII		VALUE 21.
   377		  05  FILLER REDEFINES DFHSA-VAL.
   378		      10  FILLER			PIC X.
   379		      10  DFHSA 			PIC X.
   380       *                                              EBCDIC x'28'
   381       *                                              ASCII  x'15'
   382		  05  DFHGE-VAL VALUE 008		PIC S9(4) COMP-4.
   383		  05  FILLER REDEFINES DFHGE-VAL.
   384		      10  FILLER			PIC X.
   385		      10  DFHGE 			PIC X.
   386       *                                              X'08'.
   387	     *
   388	     ******************************************************************
   389	     *	  SFE and MF supported attribute types
   390	     *
   391            05  DFHCOLOR                          PIC X VALUE 'ƒ'.
   392       *                                              EBCDIC x'42'
   393       *                                              ASCII  x'83'
   394            05  DFHHLT                            PIC X VALUE 'Ö'.
   395       *                                              EBCDIC x'41'
   396       *                                              ASCII  x'D6'
   397            05  DFH3270                           PIC X VALUE '{'.
   398	     *
   399	     *	  supported for SEND TEXT command and printer terminal
   400	     *
   401		  05  DFHBMPNL-VAL VALUE 021		PIC S9(4) COMP-4.
   402		      88 DFHBMPNL-VAL-EBCDIC		VALUE 21.
   403		      88 DFHBMPNL-VAL-ASCII		VALUE 10.
   404		  05  FILLER REDEFINES DFHBMPNL-VAL.
   405		      10  FILLER			PIC X.
   406		      10  DFHBMPNL			PIC X.
   407       *                                              EBCDIC X'15'.
   408       *                                              ASCII  X'0A'.
   409	     *
   410	     ******************************************************************
   411	     *	  Printer terminal data stream only
   412	     *
   413		  05  DFHBMPFF-VAL VALUE 012		PIC S9(4) COMP-4.
   414		  05  FILLER REDEFINES DFHBMPFF-VAL.
   415		      10  FILLER			PIC X.
   416		      10  DFHBMPFF			PIC X.
   417       *                                              X'0C'.
   418		  05  DFHBMPCR-VAL VALUE 013		PIC S9(4) COMP-4.
   419		  05  FILLER REDEFINES DFHBMPCR-VAL.
   420		      10  FILLER			PIC X.
   421		      10  DFHBMPCR			PIC X.
   422       *                                              X'0D'.
   423		  05  DFHBMPEM-VAL VALUE 025		PIC S9(4) COMP-4.
   424		  05  FILLER REDEFINES DFHBMPEM-VAL.
   425		      10  FILLER			PIC X.
   426		      10  DFHBMPEM			PIC X.
   427       *                                              X'19'.
   428	     *   429	     ******************************************************************
   430	     *	  unsupported Miscellaneous attributes and constants
   431	     *
   432		  05  DFHALL				PIC X VALUE LOW-VALUES.
   433            05  DFHBASE                           PIC X VALUE '0'.
   434		  05  DFHBMDET				PIC X VALUE LOW-VALUES.
   435		  05  DFHBMPSOSI-VAL VALUE 3599 	PIC S9(4) COMP-4.
   436		  05  FILLER REDEFINES DFHBMPSOSI-VAL.
   437		      10  DFHBMPSO			PIC X.
   438       *                                              X'0E'.
   439		      10  DFHBMPSI			PIC X.
   440       *                                              X'0F'.
   441		  05  DFHDFT VALUE HIGH-VALUES		PIC X.
   442            05  DFHERROR                          PIC X VALUE '¶'.
   443       *                                              EBCDIC X'1A'.
   444       *                                              ASCII  X'B6'.
   445            05  DFHFIL                            PIC X VALUE '4'.
   446            05  DFHMENT                           PIC X VALUE '2'.
   447            05  DFHMET                            PIC X VALUE '3'.
   448            05  DFHMFE                            PIC X VALUE '6'.
   449            05  DFHMFET                           PIC X VALUE '7'.
   450            05  DFHMFT                            PIC X VALUE '5'.
   451            05  DFHMT                             PIC X VALUE '1'.
   452            05  DFHOUTLN                          PIC X VALUE 'B'.
   453            05  DFHPS                             PIC X VALUE '„'.
   454       *                                              EBCDIC x'43'
   455       *                                              ASCII  x'84'
   456            05  DFHVAL                            PIC X VALUE 'A'.
   457	     *
   458		  05  DFHSUB-VAL   VALUE 063		PIC S9(4) COMP-4.
   459		      88 DFHSUB-VAL-EBCDIC		VALUE 63.
   460		      88 DFHSUB-VAL-ASCII		VALUE 26.
   461		  05  FILLER REDEFINES DFHSUB-VAL.
   462		      10  FILLER			PIC X.
   463		      10  DFHSUB			PIC X.
   464       *                                              EBCDIC X'3F'.
   465       *                                              ASCII  X'1A'.
   466	     *
   467		  05  DFHFM-VAL    VALUE 030		PIC S9(4) COMP-4.
   468		  05  FILLER REDEFINES DFHFM-VAL.
   469		      10  FILLER			PIC X.
   470		      10  DFHFM 			PIC X.
   471       *                                              EBCDIC X'1E'.
   472		  05  DFHEO VALUE HIGH-VALUE		PIC X.
   474
   475	      LINKAGE SECTION.
   477	      01  DFHEIBLK.						       R
   478		  05 EIBTIME  PIC S9(7) COMP-3. 			       R
   479		  05 EIBDATE  PIC S9(7) COMP-3. 			       R
   480		  05 EIBTRNID PIC X(4). 				       R
   481		  05 EIBTASKN PIC S9(7) COMP-3. 			       R
   482		  05 EIBTRMID PIC X(4). 				       R
   483		  05 DFHEIGDI PIC S9(4) COMP-4. 			       R
   484		  05 EIBCPOSN PIC S9(4) COMP-4. 			       R
   485		  05 EIBCALEN PIC S9(4) COMP-4. 			       R
   486		  05 EIBAID   PIC X.					       R
   487		  05 EIBFN    PIC X(2). 				       R
   488		  05 EIBRCODE PIC X(6). 				       R
   489		  05 EIBDS    PIC X(8). 				       R
   490		  05 EIBREQID PIC X(8). 				       R   491		  05 EIBRSRCE PIC X(8). 				       R
   492		  05 EIBSYNC  PIC X.					       R
   493		  05 EIBFREE  PIC X.					       R
   494		  05 EIBRECV  PIC X.					       R
   495		  05 EIBSEND  PIC X.					       R
   496		  05 EIBATT   PIC X.					       R
   497		  05 EIBEOC   PIC X.					       R
   498		  05 EIBFMH   PIC X.					       R
   499		  05 EIBCOMPL PIC X.					       R
   500		  05 EIBSIG   PIC X.					       R
   501		  05 EIBCONF  PIC X.					       R
   502		  05 EIBERR   PIC X.					       R
   503		  05 EIBERRCD PIC X(4). 				       R
   504		  05 EIBSYNRB PIC X.					       R
   505		  05 EIBNODAT PIC X.					       R
   506		  05 EIBRESP  PIC S9(8) COMP-4. 			       R
   507		  05 EIBRESP2 PIC S9(8) COMP-4. 			       R
   508		  05 EIBRLDBK PIC X.					       R
   509		  05 EIBCARESERVED PIC X(32).				       R
   511	      01  DFHCOMMAREA				PIC X(10).
   512	     *
   513	      PROCEDURE DIVISION					       R
   515		  USING DFHEIBLK DFHCOMMAREA.				       R
   540	      100-PROCESS.
   541		  SEND TEXT ERASE
   542		  MOVE DFHCOMMAREA TO WS-COMMAREA
   543            IF WS-PROG-STATE = '1 RECEIVE' OR
   544               WS-PROG-STATE = '2 RECEIVE'
   545		     PERFORM 200-REC-MAP
   546		  ELSE
   547                MOVE 'FIRST PROGRAM ENTRY - HELLO WORLD' TO ERRMSGO
   548                MOVE '1 RECEIVE' TO WS-PROG-STATE
   549		      PERFORM 100-NEW-MAP
   550		  END-IF.
   551
   552	      100-NEW-MAP.
   553		  MOVE EIBDATE TO WS-DATE.
   554		  MOVE WS-DATE-X TO DATEO.
   556		  EXEC CICS ASKTIME
   557		      ABSTIME  (WS-TIME)
   558		  END-EXEC
   577		  EXEC CICS FORMATTIME
   578		      ABSTIME  (WS-TIME)
   579                DATESEP  ('-')
   580		      MMDDYY   (DATEO)
   581		      TIME     (TIMEO)
   582                TIMESEP  (':')
   583		  END-EXEC
   623		  MOVE DFHBMASB TO TIMEA
   624		  MOVE DFHBMASB TO DATEA
   625		  MOVE DFHUNIMD TO OPTIONA
   626		  MOVE -1	TO OPTIONL
   627
   628		  MOVE LENGTH OF SW00MO TO WS-LENGTH
   630		  EXEC CICS
   631                  SEND MAP('SW00M')
   632                  MAPSET('SW00S')
   633			FROM(SW00MO)
   634			LENGTH(WS-LENGTH)
   635			ERASE   636		  END-EXEC
   679		  EXEC CICS RETURN
   680                 TRANSID('SW00')
   681		       COMMAREA(WS-COMMAREA)
   682		  END-EXEC.
   707
   708	      200-REC-MAP.
   709
   711		   EXEC CICS
   712                 RECEIVE MAP('SW00M')
   713                 MAPSET('SW00S')
   714		       INTO (SW00MI)
   715		   END-EXEC
   748		   MOVE WS-PROG-STATE TO ERRMSGO
   749             MOVE '2 RECEIVE' TO WS-PROG-STATE
   750		   PERFORM 100-NEW-MAP.
   751
   752
   753CA-Realia COBOL Version 6.0.45	 C:\CAWB30\sw00p.cic		       PAGE   10

LINE (REL)  ERR# LVL			ERROR TEXT

 541 (  30)  0775 E Undefined symbol 'SEND'
 541 (  30)  0775 E Undefined symbol 'TEXT'
 541 (  30)  0775 E Undefined symbol 'ERASE'

sw00p has    3 E Level messagesCA-Realia COBOL Version 6.0.45	 C:\CAWB30\sw00p.cic		       PAGE   11



			Realia COBOL Compiler Version Information

			      Pass 1	 Version 6.072
			      Pass 1a	 Version 6.015
			      Pass 2	 Version 6.068
			      Pass 2a	 Version 6.020
			      Pass 5	 Version 6.022


			Compilation Directives in Effect

COMP-4		  DCHK		    OPT 	      NOCALL
NOSUBCHK	  STRCHK	    NOTRUNC	      NOSMALLCOMP
NODCALL 	  NODIVZERO	    NOEPDCALL	      APOST
EBCDIC		  STATABORT	    NOMOVELINK	      NOBLL4K
ARGCHK		  UPLOW 	    NOVERARG	      MDY
LP:   60	  PP		    FCREATE	      NOIEEE
NOLILIAN	  CURRENCY-SIGN=$   WRITEAFTER	      SOSI
NOCOPY68	  NOFLAG-COM	    NOFLAG-SEG	      NOFLAG-FIPS
DEBUGXREF	  DIALECT-VS2

			Error level limit: W

			Source lines compiled:	     764
			Compilation time (mm:ss.ss):  0:00.01
			Compilation speed (lines/minute): 84000

			Compilation date (yy/mm/dd): 23/11/06
			     Time of day (hh:mm:ss): 18:25:26